#
# There is insufficient memory for the Java Runtime Environment to continue.
# Native memory allocation (malloc) failed to allocate 1254256 bytes for Chunk::new
# Possible reasons:
#   The system is out of physical RAM or swap space
#   In 32 bit mode, the process size limit was hit
# Possible solutions:
#   Reduce memory load on the system
#   Increase physical memory or swap space
#   Check if swap backing store is full
#   Use 64 bit Java on a 64 bit OS
#   Decrease Java heap size (-Xmx/-Xms)
#   Decrease number of Java threads
#   Decrease Java thread stack sizes (-Xss)
#   Set larger code cache with -XX:ReservedCodeCacheSize=
# This output file may be truncated or incomplete.
#
#  Out of Memory Error (allocation.cpp:390), pid=10508, tid=0x0000000000001974
#
# JRE version: Java(TM) SE Runtime Environment (8.0_191-b12) (build 1.8.0_191-b12)
# Java VM: Java HotSpot(TM) 64-Bit Server VM (25.191-b12 mixed mode windows-amd64 compressed oops)
# Failed to write core dump. Minidumps are not enabled by default on client versions of Windows
#

---------------  T H R E A D  ---------------

Current thread (0x0000000014e1d000):  JavaThread "C2 CompilerThread0" daemon [_thread_in_native, id=6516, stack(0x00000000164a0000,0x00000000165a0000)]

Stack: [0x00000000164a0000,0x00000000165a0000]
[error occurred during error reporting (printing stack bounds), id 0xc0000005]

Native frames: (J=compiled Java code, j=interpreted, Vv=VM code, C=native code)


Current CompileTask:
C2:1090472 15844       4       bnv::a (651 bytes)


---------------  P R O C E S S  ---------------

Java Threads: ( => current thread )
  0x000000001a48c800 JavaThread "Netty Server IO #7" daemon [_thread_in_native, id=7988, stack(0x0000000029c30000,0x0000000029d30000)]
  0x000000001a48e000 JavaThread "Netty Server IO #6" daemon [_thread_in_native, id=5216, stack(0x0000000028b20000,0x0000000028c20000)]
  0x000000001a48f800 JavaThread "Netty Server IO #5" daemon [_thread_in_native, id=5740, stack(0x0000000027a10000,0x0000000027b10000)]
  0x000000001a490000 JavaThread "Netty Server IO #4" daemon [_thread_in_native, id=10300, stack(0x0000000026900000,0x0000000026a00000)]
  0x000000001a488800 JavaThread "WorldGen-Scheduler-1" [_thread_blocked, id=9148, stack(0x00000000246e0000,0x00000000247e0000)]
  0x000000001a488000 JavaThread "File IO Thread" [_thread_blocked, id=7624, stack(0x00000000243e0000,0x00000000244e0000)]
  0x000000001a48e800 JavaThread "Netty Server IO #3" daemon [_thread_in_native, id=7248, stack(0x000000001ffd0000,0x00000000200d0000)]
  0x000000001a487000 JavaThread "Netty Server IO #2" daemon [_thread_in_native, id=10304, stack(0x000000001fed0000,0x000000001ffd0000)]
  0x000000001a48a000 JavaThread "Netty Server IO #1" daemon [_thread_in_native, id=6344, stack(0x000000001fdd0000,0x000000001fed0000)]
  0x0000000014e38800 JavaThread "Server Watchdog" daemon [_thread_blocked, id=9700, stack(0x000000001fad0000,0x000000001fbd0000)]
  0x0000000014e37800 JavaThread "Netty Server IO #0" daemon [_thread_in_native, id=1220, stack(0x000000001efd0000,0x000000001f0d0000)]
  0x0000000014e34800 JavaThread "ObjectCleanerThread" daemon [_thread_blocked, id=9276, stack(0x000000001eed0000,0x000000001efd0000)]
  0x0000000014e36000 JavaThread "DestroyJavaVM" [_thread_blocked, id=8696, stack(0x0000000002620000,0x0000000002720000)]
  0x0000000014e33000 JavaThread "Server thread" [_thread_blocked, id=9288, stack(0x000000001ebd0000,0x000000001ecd0000)]
  0x0000000017f68000 JavaThread "Thread-3" daemon [_thread_blocked, id=10384, stack(0x000000001ead0000,0x000000001ebd0000)]
  0x000000001a0d4800 JavaThread "TimerQueue" daemon [_thread_blocked, id=8940, stack(0x000000001e2d0000,0x000000001e3d0000)]
  0x0000000018368000 JavaThread "AWT-EventQueue-0" [_thread_blocked, id=4156, stack(0x000000001d920000,0x000000001da20000)]
  0x000000001abb6800 JavaThread "AWT-Windows" daemon [_thread_in_native, id=9564, stack(0x000000001d820000,0x000000001d920000)]
  0x000000001abb5800 JavaThread "AWT-Shutdown" [_thread_blocked, id=4112, stack(0x000000001d720000,0x000000001d820000)]
  0x0000000019d33800 JavaThread "Java2D Disposer" daemon [_thread_blocked, id=2264, stack(0x000000001d620000,0x000000001d720000)]
  0x000000001abd3800 JavaThread "Server Infinisleeper" daemon [_thread_blocked, id=10692, stack(0x000000001d2b0000,0x000000001d3b0000)]
  0x0000000017c10000 JavaThread "Snooper Timer" daemon [_thread_blocked, id=7048, stack(0x000000001d1b0000,0x000000001d2b0000)]
  0x00000000167e0800 JavaThread "Service Thread" daemon [_thread_blocked, id=8308, stack(0x0000000016ba0000,0x0000000016ca0000)]
  0x0000000014e31800 JavaThread "C1 CompilerThread2" daemon [_thread_blocked, id=7088, stack(0x00000000166a0000,0x00000000167a0000)]
  0x0000000014e21000 JavaThread "C2 CompilerThread1" daemon [_thread_blocked, id=3932, stack(0x00000000165a0000,0x00000000166a0000)]
=>0x0000000014e1d000 JavaThread "C2 CompilerThread0" daemon [_thread_in_native, id=6516, stack(0x00000000164a0000,0x00000000165a0000)]
  0x0000000014e1b000 JavaThread "Attach Listener" daemon [_thread_blocked, id=9200, stack(0x00000000163a0000,0x00000000164a0000)]
  0x0000000014e19800 JavaThread "Signal Dispatcher" daemon [_thread_blocked, id=4116, stack(0x00000000162a0000,0x00000000163a0000)]
  0x0000000014e09000 JavaThread "Finalizer" daemon [_thread_blocked, id=5832, stack(0x0000000016090000,0x0000000016190000)]
  0x0000000002811000 JavaThread "Reference Handler" daemon [_thread_blocked, id=6456, stack(0x0000000015f90000,0x0000000016090000)]

Other Threads:
  0x0000000014de7800 VMThread [stack: 0x0000000015e90000,0x0000000015f90000] [id=7156]
  0x0000000014e7d800 WatcherThread [stack: 0x0000000016ca0000,0x0000000016da0000] [id=10708]

VM state:not at safepoint (normal execution)

VM Mutex/Monitor currently owned by a thread: None

Heap:
 PSYoungGen      total 293888K, used 40849K [0x00000000eb200000, 0x00000000ffc00000, 0x0000000100000000)
  eden space 249856K, 6% used [0x00000000eb200000,0x00000000ec0b4940,0x00000000fa600000)
  from space 44032K, 58% used [0x00000000fa600000,0x00000000fbf2fc78,0x00000000fd100000)
  to   space 43520K, 0% used [0x00000000fd180000,0x00000000fd180000,0x00000000ffc00000)
 ParOldGen       total 356352K, used 272300K [0x00000000c1600000, 0x00000000d7200000, 0x00000000eb200000)
  object space 356352K, 76% used [0x00000000c1600000,0x00000000d1feb0e0,0x00000000d7200000)
 Metaspace       used 54386K, capacity 57916K, committed 58240K, reserved 1099776K
  class space    used 7376K, capacity 8242K, committed 8320K, reserved 1048576K

Card table byte_map: [0x0000000011be0000,0x0000000011de0000] byte_map_base: 0x00000000115d5000

Marking Bits: (ParMarkBitMap*) 0x000000005d543e30
 Begin Bits: [0x0000000012330000, 0x00000000132d8000)
 End Bits:   [0x00000000132d8000, 0x0000000014280000)

Polling page: 0x0000000000990000

CodeCache: size=245760Kb used=37256Kb max_used=37505Kb free=208503Kb
 bounds [0x0000000002820000, 0x0000000004d20000, 0x0000000011820000]
 total_blobs=11389 nmethods=10541 adapters=755
 compilation: enabled

Compilation events (10 events):
Event: 1090.089 Thread 0x0000000014e31800 nmethod 15843 0x00000000045436d0 code [0x0000000004543900, 0x00000000045445e8]
Event: 1090.089 Thread 0x0000000014e31800 15842       3       axi::b (203 bytes)
Event: 1090.091 Thread 0x0000000014e31800 nmethod 15842 0x000000000377c1d0 code [0x000000000377c620, 0x000000000377e968]
Event: 1090.091 Thread 0x0000000014e31800 15841       3       bke::a (17 bytes)
Event: 1090.091 Thread 0x0000000014e31800 nmethod 15841 0x00000000038c3a90 code [0x00000000038c3c00, 0x00000000038c3eb8]
Event: 1090.104 Thread 0x0000000014e1d000 15844       4       bnv::a (651 bytes)
Event: 1090.177 Thread 0x0000000014e31800 15845       1       bka::e (5 bytes)
Event: 1090.177 Thread 0x0000000014e31800 nmethod 15845 0x00000000046cc9d0 code [0x00000000046ccb20, 0x00000000046ccc30]
Event: 1090.326 Thread 0x0000000014e21000 15846       4       java.util.EnumMap$KeySet::iterator (13 bytes)
Event: 1090.328 Thread 0x0000000014e21000 nmethod 15846 0x0000000002d5b010 code [0x0000000002d5b160, 0x0000000002d5b238]

GC Heap History (10 events):
Event: 1076.469 GC heap before
{Heap before GC invocations=347 (full 6):
 PSYoungGen      total 293376K, used 269407K [0x00000000eb200000, 0x00000000ffc00000, 0x0000000100000000)
  eden space 249856K, 100% used [0x00000000eb200000,0x00000000fa600000,0x00000000fa600000)
  from space 43520K, 44% used [0x00000000fd180000,0x00000000fe497c78,0x00000000ffc00000)
  to   space 44032K, 0% used [0x00000000fa600000,0x00000000fa600000,0x00000000fd100000)
 ParOldGen       total 356352K, used 259847K [0x00000000c1600000, 0x00000000d7200000, 0x00000000eb200000)
  object space 356352K, 72% used [0x00000000c1600000,0x00000000d13c1ef8,0x00000000d7200000)
 Metaspace       used 54377K, capacity 57916K, committed 58240K, reserved 1099776K
  class space    used 7376K, capacity 8242K, committed 8320K, reserved 1048576K
Event: 1076.494 GC heap after
Heap after GC invocations=347 (full 6):
 PSYoungGen      total 293888K, used 39263K [0x00000000eb200000, 0x00000000ffc00000, 0x0000000100000000)
  eden space 249856K, 0% used [0x00000000eb200000,0x00000000eb200000,0x00000000fa600000)
  from space 44032K, 89% used [0x00000000fa600000,0x00000000fcc57c78,0x00000000fd100000)
  to   space 43520K, 0% used [0x00000000fd180000,0x00000000fd180000,0x00000000ffc00000)
 ParOldGen       total 356352K, used 260975K [0x00000000c1600000, 0x00000000d7200000, 0x00000000eb200000)
  object space 356352K, 73% used [0x00000000c1600000,0x00000000d14dbf18,0x00000000d7200000)
 Metaspace       used 54377K, capacity 57916K, committed 58240K, reserved 1099776K
  class space    used 7376K, capacity 8242K, committed 8320K, reserved 1048576K
}
Event: 1079.986 GC heap before
{Heap before GC invocations=348 (full 6):
 PSYoungGen      total 293888K, used 289119K [0x00000000eb200000, 0x00000000ffc00000, 0x0000000100000000)
  eden space 249856K, 100% used [0x00000000eb200000,0x00000000fa600000,0x00000000fa600000)
  from space 44032K, 89% used [0x00000000fa600000,0x00000000fcc57c78,0x00000000fd100000)
  to   space 43520K, 0% used [0x00000000fd180000,0x00000000fd180000,0x00000000ffc00000)
 ParOldGen       total 356352K, used 260975K [0x00000000c1600000, 0x00000000d7200000, 0x00000000eb200000)
  object space 356352K, 73% used [0x00000000c1600000,0x00000000d14dbf18,0x00000000d7200000)
 Metaspace       used 54377K, capacity 57916K, committed 58240K, reserved 1099776K
  class space    used 7376K, capacity 8242K, committed 8320K, reserved 1048576K
Event: 1080.000 GC heap after
Heap after GC invocations=348 (full 6):
 PSYoungGen      total 293376K, used 24991K [0x00000000eb200000, 0x00000000ffc00000, 0x0000000100000000)
  eden space 249856K, 0% used [0x00000000eb200000,0x00000000eb200000,0x00000000fa600000)
  from space 43520K, 57% used [0x00000000fd180000,0x00000000fe9e7c78,0x00000000ffc00000)
  to   space 44032K, 0% used [0x00000000fa600000,0x00000000fa600000,0x00000000fd100000)
 ParOldGen       total 356352K, used 261047K [0x00000000c1600000, 0x00000000d7200000, 0x00000000eb200000)
  object space 356352K, 73% used [0x00000000c1600000,0x00000000d14edf18,0x00000000d7200000)
 Metaspace       used 54377K, capacity 57916K, committed 58240K, reserved 1099776K
  class space    used 7376K, capacity 8242K, committed 8320K, reserved 1048576K
}
Event: 1083.518 GC heap before
{Heap before GC invocations=349 (full 6):
 PSYoungGen      total 293376K, used 274847K [0x00000000eb200000, 0x00000000ffc00000, 0x0000000100000000)
  eden space 249856K, 100% used [0x00000000eb200000,0x00000000fa600000,0x00000000fa600000)
  from space 43520K, 57% used [0x00000000fd180000,0x00000000fe9e7c78,0x00000000ffc00000)
  to   space 44032K, 0% used [0x00000000fa600000,0x00000000fa600000,0x00000000fd100000)
 ParOldGen       total 356352K, used 261047K [0x00000000c1600000, 0x00000000d7200000, 0x00000000eb200000)
  object space 356352K, 73% used [0x00000000c1600000,0x00000000d14edf18,0x00000000d7200000)
 Metaspace       used 54377K, capacity 57916K, committed 58240K, reserved 1099776K
  class space    used 7376K, capacity 8242K, committed 8320K, reserved 1048576K
Event: 1083.527 GC heap after
Heap after GC invocations=349 (full 6):
 PSYoungGen      total 293888K, used 17343K [0x00000000eb200000, 0x00000000ffc00000, 0x0000000100000000)
  eden space 249856K, 0% used [0x00000000eb200000,0x00000000eb200000,0x00000000fa600000)
  from space 44032K, 39% used [0x00000000fa600000,0x00000000fb6efc78,0x00000000fd100000)
  to   space 43520K, 0% used [0x00000000fd180000,0x00000000fd180000,0x00000000ffc00000)
 ParOldGen       total 356352K, used 261095K [0x00000000c1600000, 0x00000000d7200000, 0x00000000eb200000)
  object space 356352K, 73% used [0x00000000c1600000,0x00000000d14f9f18,0x00000000d7200000)
 Metaspace       used 54377K, capacity 57916K, committed 58240K, reserved 1099776K
  class space    used 7376K, capacity 8242K, committed 8320K, reserved 1048576K
}
Event: 1087.118 GC heap before
{Heap before GC invocations=350 (full 6):
 PSYoungGen      total 293888K, used 267199K [0x00000000eb200000, 0x00000000ffc00000, 0x0000000100000000)
  eden space 249856K, 100% used [0x00000000eb200000,0x00000000fa600000,0x00000000fa600000)
  from space 44032K, 39% used [0x00000000fa600000,0x00000000fb6efc78,0x00000000fd100000)
  to   space 43520K, 0% used [0x00000000fd180000,0x00000000fd180000,0x00000000ffc00000)
 ParOldGen       total 356352K, used 261095K [0x00000000c1600000, 0x00000000d7200000, 0x00000000eb200000)
  object space 356352K, 73% used [0x00000000c1600000,0x00000000d14f9f18,0x00000000d7200000)
 Metaspace       used 54377K, capacity 57916K, committed 58240K, reserved 1099776K
  class space    used 7376K, capacity 8242K, committed 8320K, reserved 1048576K
Event: 1087.127 GC heap after
Heap after GC invocations=350 (full 6):
 PSYoungGen      total 293376K, used 13599K [0x00000000eb200000, 0x00000000ffc00000, 0x0000000100000000)
  eden space 249856K, 0% used [0x00000000eb200000,0x00000000eb200000,0x00000000fa600000)
  from space 43520K, 31% used [0x00000000fd180000,0x00000000fdec7c78,0x00000000ffc00000)
  to   space 44032K, 0% used [0x00000000fa600000,0x00000000fa600000,0x00000000fd100000)
 ParOldGen       total 356352K, used 265335K [0x00000000c1600000, 0x00000000d7200000, 0x00000000eb200000)
  object space 356352K, 74% used [0x00000000c1600000,0x00000000d191df88,0x00000000d7200000)
 Metaspace       used 54377K, capacity 57916K, committed 58240K, reserved 1099776K
  class space    used 7376K, capacity 8242K, committed 8320K, reserved 1048576K
}
Event: 1090.281 GC heap before
{Heap before GC invocations=351 (full 6):
 PSYoungGen      total 293376K, used 263455K [0x00000000eb200000, 0x00000000ffc00000, 0x0000000100000000)
  eden space 249856K, 100% used [0x00000000eb200000,0x00000000fa600000,0x00000000fa600000)
  from space 43520K, 31% used [0x00000000fd180000,0x00000000fdec7c78,0x00000000ffc00000)
  to   space 44032K, 0% used [0x00000000fa600000,0x00000000fa600000,0x00000000fd100000)
 ParOldGen       total 356352K, used 265335K [0x00000000c1600000, 0x00000000d7200000, 0x00000000eb200000)
  object space 356352K, 74% used [0x00000000c1600000,0x00000000d191df88,0x00000000d7200000)
 Metaspace       used 54386K, capacity 57916K, committed 58240K, reserved 1099776K
  class space    used 7376K, capacity 8242K, committed 8320K, reserved 1048576K
Event: 1090.306 GC heap after
Heap after GC invocations=351 (full 6):
 PSYoungGen      total 293888K, used 25791K [0x00000000eb200000, 0x00000000ffc00000, 0x0000000100000000)
  eden space 249856K, 0% used [0x00000000eb200000,0x00000000eb200000,0x00000000fa600000)
  from space 44032K, 58% used [0x00000000fa600000,0x00000000fbf2fc78,0x00000000fd100000)
  to   space 43520K, 0% used [0x00000000fd180000,0x00000000fd180000,0x00000000ffc00000)
 ParOldGen       total 356352K, used 272300K [0x00000000c1600000, 0x00000000d7200000, 0x00000000eb200000)
  object space 356352K, 76% used [0x00000000c1600000,0x00000000d1feb0e0,0x00000000d7200000)
 Metaspace       used 54386K, capacity 57916K, committed 58240K, reserved 1099776K
  class space    used 7376K, capacity 8242K, committed 8320K, reserved 1048576K
}

Deoptimization events (10 events):
Event: 1029.867 Thread 0x000000001a491800 Uncommon trap: reason=unstable_if action=reinterpret pc=0x0000000004ba3084 method=ayu.a(Layc;Lel;Z)Z @ 9
Event: 1029.867 Thread 0x000000001a491800 Uncommon trap: reason=bimorphic action=maybe_recompile pc=0x00000000042e627c method=bnr.a(Layi;Lel;Z)I @ 1
Event: 1029.867 Thread 0x000000001a491800 Uncommon trap: reason=unstable_if action=reinterpret pc=0x0000000003c7258c method=ayu.b(Layc;Lel;)Z @ 9
Event: 1029.867 Thread 0x000000001a491800 Uncommon trap: reason=bimorphic action=maybe_recompile pc=0x00000000042e627c method=bnr.a(Layi;Lel;Z)I @ 1
Event: 1029.867 Thread 0x000000001a491800 Uncommon trap: reason=unstable_if action=reinterpret pc=0x0000000004306450 method=ayu.a(Layc;Lel;Z)Z @ 9
Event: 1029.867 Thread 0x000000001a491800 Uncommon trap: reason=bimorphic action=maybe_recompile pc=0x0000000002d8d8b8 method=bnr.a(Layi;Lel;Z)I @ 1
Event: 1062.257 Thread 0x0000000014e33000 Uncommon trap: reason=unstable_if action=reinterpret pc=0x00000000045b88ac method=it.unimi.dsi.fastutil.longs.Long2LongLinkedOpenHashMap$MapIterator.remove()V @ 331
Event: 1086.558 Thread 0x0000000014e33000 Uncommon trap: reason=unstable_if action=reinterpret pc=0x0000000003955350 method=java.util.Random.nextInt(I)I @ 58
Event: 1089.985 Thread 0x0000000014e33000 Uncommon trap: reason=unstable_if action=reinterpret pc=0x0000000004bdb71c method=aer.c(Lgy;)Z @ 9
Event: 1090.061 Thread 0x0000000014e33000 Uncommon trap: reason=unstable_if action=reinterpret pc=0x00000000048dd49c method=tc.a(Ljava/util/function/BooleanSupplier;)Z @ 56

Classes redefined (0 events):
No events

Internal exceptions (10 events):
Event: 996.253 Thread 0x0000000014e33000 Exception <a 'java/io/IOException'> (0x00000000f6f44458) thrown at [C:\re\workspace\8-2-build-windows-amd64-cygwin\jdk8u191\11896\hotspot\src\share\vm\prims\jni.cpp, line 709]
Event: 996.253 Thread 0x0000000014e33000 Exception <a 'java/io/IOException'> (0x00000000f6f448a0) thrown at [C:\re\workspace\8-2-build-windows-amd64-cygwin\jdk8u191\11896\hotspot\src\share\vm\prims\jni.cpp, line 709]
Event: 996.254 Thread 0x0000000014e33000 Exception <a 'java/io/IOException'> (0x00000000f6f47158) thrown at [C:\re\workspace\8-2-build-windows-amd64-cygwin\jdk8u191\11896\hotspot\src\share\vm\prims\jni.cpp, line 709]
Event: 996.254 Thread 0x0000000014e33000 Exception <a 'java/io/IOException'> (0x00000000f6f475a0) thrown at [C:\re\workspace\8-2-build-windows-amd64-cygwin\jdk8u191\11896\hotspot\src\share\vm\prims\jni.cpp, line 709]
Event: 1002.320 Thread 0x0000000014e33000 Implicit null exception at 0x00000000036432a8 to 0x0000000003643b75
Event: 1004.612 Thread 0x0000000014e33000 Implicit null exception at 0x0000000003cc41db to 0x0000000003cc42f7
Event: 1089.868 Thread 0x0000000014e33000 Exception <a 'java/io/IOException'> (0x00000000f6992480) thrown at [C:\re\workspace\8-2-build-windows-amd64-cygwin\jdk8u191\11896\hotspot\src\share\vm\prims\jni.cpp, line 709]
Event: 1089.868 Thread 0x0000000014e33000 Exception <a 'java/io/IOException'> (0x00000000f69928c8) thrown at [C:\re\workspace\8-2-build-windows-amd64-cygwin\jdk8u191\11896\hotspot\src\share\vm\prims\jni.cpp, line 709]
Event: 1089.869 Thread 0x0000000014e33000 Exception <a 'java/io/IOException'> (0x00000000f6995178) thrown at [C:\re\workspace\8-2-build-windows-amd64-cygwin\jdk8u191\11896\hotspot\src\share\vm\prims\jni.cpp, line 709]
Event: 1089.869 Thread 0x0000000014e33000 Exception <a 'java/io/IOException'> (0x00000000f69955c0) thrown at [C:\re\workspace\8-2-build-windows-amd64-cygwin\jdk8u191\11896\hotspot\src\share\vm\prims\jni.cpp, line 709]

Events (10 events):
Event: 1090.176 Thread 0x0000000014e33000 DEOPT PACKING pc=0x00000000041fb217 sp=0x000000001eccecd0
Event: 1090.176 Thread 0x0000000014e33000 DEOPT UNPACKING pc=0x0000000002867890 sp=0x000000001ecceb68 mode 0
Event: 1090.212 Thread 0x0000000014e33000 DEOPT PACKING pc=0x00000000041fae6f sp=0x000000001eccecd0
Event: 1090.212 Thread 0x0000000014e33000 DEOPT UNPACKING pc=0x0000000002867890 sp=0x000000001ecceb68 mode 0
Event: 1090.242 Thread 0x0000000014e33000 DEOPT PACKING pc=0x00000000041fb217 sp=0x000000001eccecd0
Event: 1090.242 Thread 0x0000000014e33000 DEOPT UNPACKING pc=0x0000000002867890 sp=0x000000001ecceb68 mode 0
Event: 1090.280 Executing VM operation: ParallelGCFailedAllocation
Event: 1090.307 Executing VM operation: ParallelGCFailedAllocation done
Event: 1090.315 Thread 0x0000000014e33000 DEOPT PACKING pc=0x00000000041fae6f sp=0x000000001eccecd0
Event: 1090.315 Thread 0x0000000014e33000 DEOPT UNPACKING pc=0x0000000002867890 sp=0x000000001ecceb68 mode 0


Dynamic libraries:
0x00007ff773b90000 - 0x00007ff773bc7000 	C:\Program Files\Java\jre1.8.0_191\bin\javaw.exe
0x00007ff83e2e0000 - 0x00007ff83e4c1000 	C:\Windows\SYSTEM32\ntdll.dll
0x00007ff83db10000 - 0x00007ff83dbc2000 	C:\Windows\System32\KERNEL32.DLL
0x00007ff83b4f0000 - 0x00007ff83b763000 	C:\Windows\System32\KERNELBASE.dll
0x000000005d6b0000 - 0x000000005d9d5000 	C:\Program Files\Norton Security\NortonData\22.16.2.22\Definitions\IPSDefs\20190206.061\IPSEng64.dll
0x00007ff83d3c0000 - 0x00007ff83d461000 	C:\Windows\System32\ADVAPI32.dll
0x00007ff83bbd0000 - 0x00007ff83bc6e000 	C:\Windows\System32\msvcrt.dll
0x00007ff83d920000 - 0x00007ff83d97b000 	C:\Windows\System32\sechost.dll
0x00007ff83baa0000 - 0x00007ff83bbc4000 	C:\Windows\System32\RPCRT4.dll
0x00007ff83e080000 - 0x00007ff83e088000 	C:\Windows\System32\PSAPI.DLL
0x00007ff83d110000 - 0x00007ff83d2a0000 	C:\Windows\System32\USER32.dll
0x00007ff83b470000 - 0x00007ff83b490000 	C:\Windows\System32\win32u.dll
0x00007ff83e090000 - 0x00007ff83e0b8000 	C:\Windows\System32\GDI32.dll
0x00007ff83a900000 - 0x00007ff83aa92000 	C:\Windows\System32\gdi32full.dll
0x00007ff83a7b0000 - 0x00007ff83a84f000 	C:\Windows\System32\msvcp_win.dll
0x00007ff83a6b0000 - 0x00007ff83a7aa000 	C:\Windows\System32\ucrtbase.dll
0x00007ff828a50000 - 0x00007ff828cb9000 	C:\Windows\WinSxS\amd64_microsoft.windows.common-controls_6595b64144ccf1df_6.0.17134.523_none_fb409dd930672a56\COMCTL32.dll
0x00007ff83b770000 - 0x00007ff83ba92000 	C:\Windows\System32\combase.dll
0x00007ff83b3f0000 - 0x00007ff83b46a000 	C:\Windows\System32\bcryptPrimitives.dll
0x00007ff83d540000 - 0x00007ff83d56d000 	C:\Windows\System32\IMM32.DLL
0x000000005d5d0000 - 0x000000005d6a2000 	C:\Program Files\Java\jre1.8.0_191\bin\msvcr100.dll
0x000000005cd20000 - 0x000000005d5c4000 	C:\Program Files\Java\jre1.8.0_191\bin\server\jvm.dll
0x00007ff82c700000 - 0x00007ff82c70a000 	C:\Windows\SYSTEM32\VERSION.dll
0x00007ff838910000 - 0x00007ff838933000 	C:\Windows\SYSTEM32\WINMM.dll
0x00007ff836d90000 - 0x00007ff836d99000 	C:\Windows\SYSTEM32\WSOCK32.dll
0x00007ff83d4d0000 - 0x00007ff83d53c000 	C:\Windows\System32\WS2_32.dll
0x00007ff8388e0000 - 0x00007ff83890a000 	C:\Windows\SYSTEM32\winmmbase.dll
0x00007ff83aaa0000 - 0x00007ff83aae9000 	C:\Windows\System32\cfgmgr32.dll
0x000000005da40000 - 0x000000005da4f000 	C:\Program Files\Java\jre1.8.0_191\bin\verify.dll
0x000000005da10000 - 0x000000005da39000 	C:\Program Files\Java\jre1.8.0_191\bin\java.dll
0x000000005cd00000 - 0x000000005cd16000 	C:\Program Files\Java\jre1.8.0_191\bin\zip.dll
0x00007ff83bcd0000 - 0x00007ff83d110000 	C:\Windows\System32\SHELL32.dll
0x00007ff83d710000 - 0x00007ff83d7b9000 	C:\Windows\System32\shcore.dll
0x00007ff83ace0000 - 0x00007ff83b3ed000 	C:\Windows\System32\windows.storage.dll
0x00007ff83bc70000 - 0x00007ff83bcc1000 	C:\Windows\System32\shlwapi.dll
0x00007ff83a690000 - 0x00007ff83a6a1000 	C:\Windows\System32\kernel.appcore.dll
0x00007ff83a600000 - 0x00007ff83a61f000 	C:\Windows\System32\profapi.dll
0x00007ff83a620000 - 0x00007ff83a66c000 	C:\Windows\System32\powrprof.dll
0x00007ff83a5f0000 - 0x00007ff83a5fa000 	C:\Windows\System32\FLTLIB.DLL
0x000000005ccd0000 - 0x000000005ccdd000 	C:\Program Files\Java\jre1.8.0_191\bin\management.dll
0x000000005cce0000 - 0x000000005ccfa000 	C:\Program Files\Java\jre1.8.0_191\bin\net.dll
0x00007ff839e70000 - 0x00007ff839ed6000 	C:\Windows\system32\mswsock.dll
0x00007ff836d70000 - 0x00007ff836d86000 	C:\Windows\system32\napinsp.dll
0x00007ff82e6e0000 - 0x00007ff82e6fa000 	C:\Windows\system32\pnrpnsp.dll
0x00007ff836ce0000 - 0x00007ff836cf9000 	C:\Windows\system32\NLAapi.dll
0x00007ff839c30000 - 0x00007ff839cee000 	C:\Windows\SYSTEM32\DNSAPI.dll
0x00007ff83db00000 - 0x00007ff83db08000 	C:\Windows\System32\NSI.dll
0x00007ff839bf0000 - 0x00007ff839c28000 	C:\Windows\SYSTEM32\IPHLPAPI.DLL
0x00007ff836d60000 - 0x00007ff836d6e000 	C:\Windows\System32\winrnr.dll
0x00007ff81dd30000 - 0x00007ff81dd45000 	C:\Windows\System32\wshbth.dll
0x00007ff82f3d0000 - 0x00007ff82f3da000 	C:\Windows\System32\rasadhlp.dll
0x00007ff82dd50000 - 0x00007ff82ddc2000 	C:\Windows\System32\fwpuclnt.dll
0x00007ff83a150000 - 0x00007ff83a175000 	C:\Windows\SYSTEM32\bcrypt.dll
0x000000005dbc0000 - 0x000000005dbd1000 	C:\Program Files\Java\jre1.8.0_191\bin\nio.dll
0x00007ff83a030000 - 0x00007ff83a047000 	C:\Windows\SYSTEM32\CRYPTSP.dll
0x00007ff839a50000 - 0x00007ff839a83000 	C:\Windows\system32\rsaenh.dll
0x00007ff83a520000 - 0x00007ff83a548000 	C:\Windows\SYSTEM32\USERENV.dll
0x00007ff83a020000 - 0x00007ff83a02b000 	C:\Windows\SYSTEM32\CRYPTBASE.dll
0x00007ff834050000 - 0x00007ff834066000 	C:\Windows\SYSTEM32\dhcpcsvc6.DLL
0x00007ff833a70000 - 0x00007ff833a8a000 	C:\Windows\SYSTEM32\dhcpcsvc.DLL
0x000000005cb30000 - 0x000000005ccc9000 	C:\Program Files\Java\jre1.8.0_191\bin\awt.dll
0x00007ff83e160000 - 0x00007ff83e222000 	C:\Windows\System32\OLEAUT32.dll
0x00007ff8386c0000 - 0x00007ff83874b000 	C:\Windows\SYSTEM32\apphelp.dll
0x00007ff838b20000 - 0x00007ff838bb8000 	C:\Windows\system32\uxtheme.dll
0x00007ff83d980000 - 0x00007ff83daf3000 	C:\Windows\System32\MSCTF.dll
0x00007ff838d80000 - 0x00007ff838da9000 	C:\Windows\system32\dwmapi.dll
0x00007ff83d7c0000 - 0x00007ff83d911000 	C:\Windows\System32\ole32.dll
0x000000005db70000 - 0x000000005dbb7000 	C:\Program Files\Java\jre1.8.0_191\bin\fontmanager.dll
0x00007ff813e00000 - 0x00007ff813f20000 	C:\Windows\system32\opengl32.dll
0x00007ff82c260000 - 0x00007ff82c28c000 	C:\Windows\SYSTEM32\GLU32.dll
0x000000005db20000 - 0x000000005db62000 	C:\Program Files\Java\jre1.8.0_191\bin\t2k.dll
0x00007ff83e0c0000 - 0x00007ff83e160000 	C:\Windows\System32\clbcatq.dll
0x00007ff8357c0000 - 0x00007ff83596e000 	C:\Windows\SYSTEM32\WindowsCodecs.dll
0x00007ff817910000 - 0x00007ff817968000 	C:\Windows\system32\dataexchange.dll
0x00007ff8370c0000 - 0x00007ff8373cb000 	C:\Windows\system32\d3d11.dll
0x00007ff837dd0000 - 0x00007ff837f6c000 	C:\Windows\system32\dcomp.dll
0x00007ff8393b0000 - 0x00007ff83946b000 	C:\Windows\system32\dxgi.dll
0x00007ff838ec0000 - 0x00007ff839078000 	C:\Windows\system32\twinapi.appcore.dll
0x00007ff838e90000 - 0x00007ff838eb1000 	C:\Windows\system32\RMCLIENT.dll
0x000000005dac0000 - 0x000000005daea000 	C:\Program Files\Java\jre1.8.0_191\bin\dcpr.dll
0x00007ff835cf0000 - 0x00007ff835d86000 	C:\Windows\System32\TextInputFramework.dll
0x00007ff835d90000 - 0x00007ff8360ae000 	C:\Windows\System32\CoreUIComponents.dll
0x00007ff837f70000 - 0x00007ff83804a000 	C:\Windows\System32\CoreMessaging.dll
0x00007ff8396e0000 - 0x00007ff839711000 	C:\Windows\SYSTEM32\ntmarta.dll
0x00007ff8360b0000 - 0x00007ff8361fd000 	C:\Windows\SYSTEM32\wintypes.dll

VM Arguments:
java_command: C:\Users\adrie\Downloads\sever\server.jar
java_class_path (initial): C:\Users\adrie\Downloads\sever\server.jar
Launcher Type: SUN_STANDARD

Environment Variables:
PATH=C:\Program Files (x86)\Common Files\Oracle\Java\javapath;C:\ProgramData\Oracle\Java\javapath;C:\Windows\system32;C:\Windows;C:\Windows\System32\Wbem;C:\Windows\System32\WindowsPowerShell\v1.0\;C:\MinGW\bin;%QUARTUS_ROOTDIR%\bin;C:\Windows\System32\OpenSSH\;C:\Program Files\Git\cmd;C:\php;C:\Users\adrie\AppData\Local\Microsoft\WindowsApps;C:\Users\adrie\AppData\Local\Programs\Microsoft VS Code\bin;C:\xampp\php;
USERNAME=adrie
OS=Windows_NT
PROCESSOR_IDENTIFIER=Intel64 Family 6 Model 78 Stepping 3, GenuineIntel



---------------  S Y S T E M  ---------------

OS: Windows 10.0 , 64 bit Build 17134 (10.0.17134.1)

CPU:total 4 (initial active 4) (2 cores per cpu, 2 threads per core) family 6 model 78 stepping 3, cmov, cx8, fxsr, mmx, sse, sse2, sse3, ssse3, sse4.1, sse4.2, popcnt, avx, avx2, aes, clmul, erms, rtm, 3dnowpref, lzcnt, ht, tsc, tscinvbit, bmi1, bmi2, adx

Memory: 4k page, physical 4097960k(544880k free), swap 6145960k(820k free)

vm_info: Java HotSpot(TM) 64-Bit Server VM (25.191-b12) for windows-amd64 JRE (1.8.0_191-b12), built on Oct  6 2018 09:29:03 by "java_re" with MS VC++ 10.0 (VS2010)

time: Thu Feb 07 20:59:32 2019
elapsed time: 1090 seconds (0d 0h 18m 10s)

