#
# There is insufficient memory for the Java Runtime Environment to continue.
# Native memory allocation (malloc) failed to allocate 526576 bytes for Chunk::new
# Possible reasons:
#   The system is out of physical RAM or swap space
#   In 32 bit mode, the process size limit was hit
# Possible solutions:
#   Reduce memory load on the system
#   Increase physical memory or swap space
#   Check if swap backing store is full
#   Use 64 bit Java on a 64 bit OS
#   Decrease Java heap size (-Xmx/-Xms)
#   Decrease number of Java threads
#   Decrease Java thread stack sizes (-Xss)
#   Set larger code cache with -XX:ReservedCodeCacheSize=
# This output file may be truncated or incomplete.
#
#  Out of Memory Error (allocation.cpp:390), pid=5752, tid=0x00000000000028c8
#
# JRE version: Java(TM) SE Runtime Environment (8.0_191-b12) (build 1.8.0_191-b12)
# Java VM: Java HotSpot(TM) 64-Bit Server VM (25.191-b12 mixed mode windows-amd64 compressed oops)
# Failed to write core dump. Minidumps are not enabled by default on client versions of Windows
#

---------------  T H R E A D  ---------------

Current thread (0x0000000015b95000):  JavaThread "C2 CompilerThread1" daemon [_thread_in_native, id=10440, stack(0x0000000017310000,0x0000000017410000)]

Stack: [0x0000000017310000,0x0000000017410000]
[error occurred during error reporting (printing stack bounds), id 0xc0000005]

Native frames: (J=compiled Java code, j=interpreted, Vv=VM code, C=native code)


Current CompileTask:
C2: 730330 14801       4       aiw::a (28 bytes)


---------------  P R O C E S S  ---------------

Java Threads: ( => current thread )
  0x0000000019956000 JavaThread "Netty Server IO #6" daemon [_thread_in_native, id=9520, stack(0x000000002a550000,0x000000002a650000)]
  0x0000000019955800 JavaThread "Netty Server IO #5" daemon [_thread_in_native, id=4380, stack(0x0000000029440000,0x0000000029540000)]
  0x000000001994c800 JavaThread "Netty Server IO #4" daemon [_thread_in_native, id=5532, stack(0x0000000028330000,0x0000000028430000)]
  0x000000001994b800 JavaThread "Netty Server IO #3" daemon [_thread_in_native, id=7816, stack(0x0000000023ac0000,0x0000000023bc0000)]
  0x0000000019951000 JavaThread "Netty Server IO #2" daemon [_thread_in_native, id=6124, stack(0x00000000236c0000,0x00000000237c0000)]
  0x000000001994e000 JavaThread "File IO Thread" [_thread_in_Java, id=9352, stack(0x00000000234c0000,0x00000000235c0000)]
  0x000000001994d000 JavaThread "WorldGen-Scheduler-1" [_thread_blocked, id=1140, stack(0x00000000231a0000,0x00000000232a0000)]
  0x0000000019950000 JavaThread "Netty Server IO #1" daemon [_thread_in_native, id=10732, stack(0x0000000020e10000,0x0000000020f10000)]
  0x000000001994f800 JavaThread "Server Watchdog" daemon [_thread_blocked, id=1404, stack(0x0000000020b10000,0x0000000020c10000)]
  0x0000000015b92000 JavaThread "Netty Server IO #0" daemon [_thread_in_native, id=7912, stack(0x000000001f610000,0x000000001f710000)]
  0x0000000015b96800 JavaThread "ObjectCleanerThread" daemon [_thread_blocked, id=3976, stack(0x000000001f510000,0x000000001f610000)]
  0x0000000015b94800 JavaThread "DestroyJavaVM" [_thread_blocked, id=936, stack(0x0000000003390000,0x0000000003490000)]
  0x0000000015b96000 JavaThread "Server thread" [_thread_in_Java, id=10052, stack(0x000000001e810000,0x000000001e910000)]
  0x000000001a1a4000 JavaThread "Thread-3" daemon [_thread_blocked, id=2400, stack(0x000000001e710000,0x000000001e810000)]
  0x0000000019005800 JavaThread "TimerQueue" daemon [_thread_blocked, id=10776, stack(0x000000001e180000,0x000000001e280000)]
  0x000000001a4fb800 JavaThread "AWT-EventQueue-0" [_thread_blocked, id=6344, stack(0x000000001e080000,0x000000001e180000)]
  0x0000000018e72000 JavaThread "AWT-Shutdown" [_thread_blocked, id=4388, stack(0x000000001d740000,0x000000001d840000)]
  0x0000000019678000 JavaThread "AWT-Windows" daemon [_thread_in_native, id=6620, stack(0x000000001d580000,0x000000001d680000)]
  0x000000001a9cd800 JavaThread "Java2D Disposer" daemon [_thread_blocked, id=10156, stack(0x000000001d380000,0x000000001d480000)]
  0x000000001a34c800 JavaThread "Server Infinisleeper" daemon [_thread_blocked, id=5924, stack(0x000000001d280000,0x000000001d380000)]
  0x0000000017754800 JavaThread "Snooper Timer" daemon [_thread_blocked, id=5056, stack(0x000000001d180000,0x000000001d280000)]
  0x0000000017548800 JavaThread "Service Thread" daemon [_thread_blocked, id=4296, stack(0x0000000017910000,0x0000000017a10000)]
  0x0000000015b91800 JavaThread "C1 CompilerThread2" daemon [_thread_blocked, id=6856, stack(0x0000000017410000,0x0000000017510000)]
=>0x0000000015b95000 JavaThread "C2 CompilerThread1" daemon [_thread_in_native, id=10440, stack(0x0000000017310000,0x0000000017410000)]
  0x0000000015b8d000 JavaThread "C2 CompilerThread0" daemon [_thread_blocked, id=10724, stack(0x0000000017210000,0x0000000017310000)]
  0x0000000015b8b000 JavaThread "Attach Listener" daemon [_thread_blocked, id=9956, stack(0x0000000017110000,0x0000000017210000)]
  0x0000000015b8a000 JavaThread "Signal Dispatcher" daemon [_thread_blocked, id=9964, stack(0x0000000017010000,0x0000000017110000)]
  0x0000000015b79000 JavaThread "Finalizer" daemon [_thread_blocked, id=4396, stack(0x0000000016e00000,0x0000000016f00000)]
  0x0000000003581000 JavaThread "Reference Handler" daemon [_thread_blocked, id=2604, stack(0x0000000016d00000,0x0000000016e00000)]

Other Threads:
  0x0000000015b57800 VMThread [stack: 0x0000000016c00000,0x0000000016d00000] [id=6408]
  0x0000000017552000 WatcherThread [stack: 0x0000000017a10000,0x0000000017b10000] [id=8744]

VM state:not at safepoint (normal execution)

VM Mutex/Monitor currently owned by a thread: None

Heap:
 PSYoungGen      total 321536K, used 251911K [0x00000000eb200000, 0x0000000100000000, 0x0000000100000000)
  eden space 305152K, 79% used [0x00000000eb200000,0x00000000fa052928,0x00000000fdc00000)
  from space 16384K, 84% used [0x00000000ff000000,0x00000000ffd72ae8,0x0000000100000000)
  to   space 18432K, 0% used [0x00000000fdc00000,0x00000000fdc00000,0x00000000fee00000)
 ParOldGen       total 290304K, used 227225K [0x00000000c1600000, 0x00000000d3180000, 0x00000000eb200000)
  object space 290304K, 78% used [0x00000000c1600000,0x00000000cf3e66d0,0x00000000d3180000)
 Metaspace       used 54235K, capacity 57768K, committed 57984K, reserved 1099776K
  class space    used 7382K, capacity 8258K, committed 8320K, reserved 1048576K

Card table byte_map: [0x0000000012950000,0x0000000012b50000] byte_map_base: 0x0000000012345000

Marking Bits: (ParMarkBitMap*) 0x000000005d743e30
 Begin Bits: [0x00000000130a0000, 0x0000000014048000)
 End Bits:   [0x0000000014048000, 0x0000000014ff0000)

Polling page: 0x00000000031e0000

CodeCache: size=245760Kb used=35044Kb max_used=35133Kb free=210715Kb
 bounds [0x0000000003590000, 0x0000000005830000, 0x0000000012590000]
 total_blobs=11029 nmethods=10185 adapters=751
 compilation: enabled

Compilation events (10 events):
Event: 728.960 Thread 0x0000000015b95000 nmethod 14796 0x00000000056a4950 code [0x00000000056a4ac0, 0x00000000056a4fd8]
Event: 729.321 Thread 0x0000000015b8d000 14797   !   4       javax.swing.JComponent::fetchRectangle (58 bytes)
Event: 729.322 Thread 0x0000000015b95000 14798       4       sun.java2d.SunGraphics2D::setClip (17 bytes)
Event: 729.327 Thread 0x0000000015b8d000 nmethod 14797 0x00000000057f2450 code [0x00000000057f25a0, 0x00000000057f28b8]
Event: 729.337 Thread 0x0000000015b95000 nmethod 14798 0x00000000057f2cd0 code [0x00000000057f2ee0, 0x00000000057f3748]
Event: 729.852 Thread 0x0000000015b8d000 14799       4       io.netty.channel.AdaptiveRecvByteBufAllocator$HandleImpl::record (115 bytes)
Event: 729.854 Thread 0x0000000015b8d000 nmethod 14799 0x0000000003e41190 code [0x0000000003e412e0, 0x0000000003e41418]
Event: 730.014 Thread 0x0000000015b91800 14800       1       javax.swing.plaf.ComponentUI::paint (1 bytes)
Event: 730.015 Thread 0x0000000015b91800 nmethod 14800 0x0000000004490550 code [0x00000000044906a0, 0x00000000044907b0]
Event: 730.049 Thread 0x0000000015b95000 14801       4       aiw::a (28 bytes)

GC Heap History (10 events):
Event: 491.174 GC heap before
{Heap before GC invocations=215 (full 5):
 PSYoungGen      total 326144K, used 318192K [0x00000000eb200000, 0x00000000fff80000, 0x0000000100000000)
  eden space 312320K, 100% used [0x00000000eb200000,0x00000000fe300000,0x00000000fe300000)
  from space 13824K, 42% used [0x00000000fe300000,0x00000000fe8bc010,0x00000000ff080000)
  to   space 13312K, 0% used [0x00000000ff280000,0x00000000ff280000,0x00000000fff80000)
 ParOldGen       total 290304K, used 226521K [0x00000000c1600000, 0x00000000d3180000, 0x00000000eb200000)
  object space 290304K, 78% used [0x00000000c1600000,0x00000000cf3366d0,0x00000000d3180000)
 Metaspace       used 54052K, capacity 57596K, committed 57728K, reserved 1099776K
  class space    used 7361K, capacity 8226K, committed 8320K, reserved 1048576K
Event: 491.191 GC heap after
Heap after GC invocations=215 (full 5):
 PSYoungGen      total 324608K, used 13232K [0x00000000eb200000, 0x0000000100000000, 0x0000000100000000)
  eden space 311296K, 0% used [0x00000000eb200000,0x00000000eb200000,0x00000000fe200000)
  from space 13312K, 99% used [0x00000000ff280000,0x00000000fff6c010,0x00000000fff80000)
  to   space 15360K, 0% used [0x00000000fe200000,0x00000000fe200000,0x00000000ff100000)
 ParOldGen       total 290304K, used 226625K [0x00000000c1600000, 0x00000000d3180000, 0x00000000eb200000)
  object space 290304K, 78% used [0x00000000c1600000,0x00000000cf3506d0,0x00000000d3180000)
 Metaspace       used 54052K, capacity 57596K, committed 57728K, reserved 1099776K
  class space    used 7361K, capacity 8226K, committed 8320K, reserved 1048576K
}
Event: 498.071 GC heap before
{Heap before GC invocations=216 (full 5):
 PSYoungGen      total 324608K, used 324528K [0x00000000eb200000, 0x0000000100000000, 0x0000000100000000)
  eden space 311296K, 100% used [0x00000000eb200000,0x00000000fe200000,0x00000000fe200000)
  from space 13312K, 99% used [0x00000000ff280000,0x00000000fff6c010,0x00000000fff80000)
  to   space 15360K, 0% used [0x00000000fe200000,0x00000000fe200000,0x00000000ff100000)
 ParOldGen       total 290304K, used 226625K [0x00000000c1600000, 0x00000000d3180000, 0x00000000eb200000)
  object space 290304K, 78% used [0x00000000c1600000,0x00000000cf3506d0,0x00000000d3180000)
 Metaspace       used 54052K, capacity 57596K, committed 57728K, reserved 1099776K
  class space    used 7361K, capacity 8226K, committed 8320K, reserved 1048576K
Event: 498.076 GC heap after
Heap after GC invocations=216 (full 5):
 PSYoungGen      total 326656K, used 2128K [0x00000000eb200000, 0x0000000100000000, 0x0000000100000000)
  eden space 311296K, 0% used [0x00000000eb200000,0x00000000eb200000,0x00000000fe200000)
  from space 15360K, 13% used [0x00000000fe200000,0x00000000fe414010,0x00000000ff100000)
  to   space 15360K, 0% used [0x00000000ff100000,0x00000000ff100000,0x0000000100000000)
 ParOldGen       total 290304K, used 226721K [0x00000000c1600000, 0x00000000d3180000, 0x00000000eb200000)
  object space 290304K, 78% used [0x00000000c1600000,0x00000000cf3686d0,0x00000000d3180000)
 Metaspace       used 54052K, capacity 57596K, committed 57728K, reserved 1099776K
  class space    used 7361K, capacity 8226K, committed 8320K, reserved 1048576K
}
Event: 504.840 GC heap before
{Heap before GC invocations=217 (full 5):
 PSYoungGen      total 326656K, used 313424K [0x00000000eb200000, 0x0000000100000000, 0x0000000100000000)
  eden space 311296K, 100% used [0x00000000eb200000,0x00000000fe200000,0x00000000fe200000)
  from space 15360K, 13% used [0x00000000fe200000,0x00000000fe414010,0x00000000ff100000)
  to   space 15360K, 0% used [0x00000000ff100000,0x00000000ff100000,0x0000000100000000)
 ParOldGen       total 290304K, used 226721K [0x00000000c1600000, 0x00000000d3180000, 0x00000000eb200000)
  object space 290304K, 78% used [0x00000000c1600000,0x00000000cf3686d0,0x00000000d3180000)
 Metaspace       used 54055K, capacity 57596K, committed 57728K, reserved 1099776K
  class space    used 7361K, capacity 8226K, committed 8320K, reserved 1048576K
Event: 504.849 GC heap after
Heap after GC invocations=217 (full 5):
 PSYoungGen      total 326656K, used 2608K [0x00000000eb200000, 0x0000000100000000, 0x0000000100000000)
  eden space 311296K, 0% used [0x00000000eb200000,0x00000000eb200000,0x00000000fe200000)
  from space 15360K, 16% used [0x00000000ff100000,0x00000000ff38c010,0x0000000100000000)
  to   space 15360K, 0% used [0x00000000fe200000,0x00000000fe200000,0x00000000ff100000)
 ParOldGen       total 290304K, used 226833K [0x00000000c1600000, 0x00000000d3180000, 0x00000000eb200000)
  object space 290304K, 78% used [0x00000000c1600000,0x00000000cf3846d0,0x00000000d3180000)
 Metaspace       used 54055K, capacity 57596K, committed 57728K, reserved 1099776K
  class space    used 7361K, capacity 8226K, committed 8320K, reserved 1048576K
}
Event: 722.796 GC heap before
{Heap before GC invocations=218 (full 5):
 PSYoungGen      total 326656K, used 313904K [0x00000000eb200000, 0x0000000100000000, 0x0000000100000000)
  eden space 311296K, 100% used [0x00000000eb200000,0x00000000fe200000,0x00000000fe200000)
  from space 15360K, 16% used [0x00000000ff100000,0x00000000ff38c010,0x0000000100000000)
  to   space 15360K, 0% used [0x00000000fe200000,0x00000000fe200000,0x00000000ff100000)
 ParOldGen       total 290304K, used 226833K [0x00000000c1600000, 0x00000000d3180000, 0x00000000eb200000)
  object space 290304K, 78% used [0x00000000c1600000,0x00000000cf3846d0,0x00000000d3180000)
 Metaspace       used 54234K, capacity 57768K, committed 57984K, reserved 1099776K
  class space    used 7382K, capacity 8258K, committed 8320K, reserved 1048576K
Event: 722.833 GC heap after
Heap after GC invocations=218 (full 5):
 PSYoungGen      total 325632K, used 13962K [0x00000000eb200000, 0x0000000100000000, 0x0000000100000000)
  eden space 311296K, 0% used [0x00000000eb200000,0x00000000eb200000,0x00000000fe200000)
  from space 14336K, 97% used [0x00000000fe200000,0x00000000fefa2ae8,0x00000000ff000000)
  to   space 16384K, 0% used [0x00000000ff000000,0x00000000ff000000,0x0000000100000000)
 ParOldGen       total 290304K, used 227073K [0x00000000c1600000, 0x00000000d3180000, 0x00000000eb200000)
  object space 290304K, 78% used [0x00000000c1600000,0x00000000cf3c06d0,0x00000000d3180000)
 Metaspace       used 54234K, capacity 57768K, committed 57984K, reserved 1099776K
  class space    used 7382K, capacity 8258K, committed 8320K, reserved 1048576K
}
Event: 727.473 GC heap before
{Heap before GC invocations=219 (full 5):
 PSYoungGen      total 325632K, used 325258K [0x00000000eb200000, 0x0000000100000000, 0x0000000100000000)
  eden space 311296K, 100% used [0x00000000eb200000,0x00000000fe200000,0x00000000fe200000)
  from space 14336K, 97% used [0x00000000fe200000,0x00000000fefa2ae8,0x00000000ff000000)
  to   space 16384K, 0% used [0x00000000ff000000,0x00000000ff000000,0x0000000100000000)
 ParOldGen       total 290304K, used 227073K [0x00000000c1600000, 0x00000000d3180000, 0x00000000eb200000)
  object space 290304K, 78% used [0x00000000c1600000,0x00000000cf3c06d0,0x00000000d3180000)
 Metaspace       used 54235K, capacity 57768K, committed 57984K, reserved 1099776K
  class space    used 7382K, capacity 8258K, committed 8320K, reserved 1048576K
Event: 727.486 GC heap after
Heap after GC invocations=219 (full 5):
 PSYoungGen      total 321536K, used 13770K [0x00000000eb200000, 0x0000000100000000, 0x0000000100000000)
  eden space 305152K, 0% used [0x00000000eb200000,0x00000000eb200000,0x00000000fdc00000)
  from space 16384K, 84% used [0x00000000ff000000,0x00000000ffd72ae8,0x0000000100000000)
  to   space 18432K, 0% used [0x00000000fdc00000,0x00000000fdc00000,0x00000000fee00000)
 ParOldGen       total 290304K, used 227225K [0x00000000c1600000, 0x00000000d3180000, 0x00000000eb200000)
  object space 290304K, 78% used [0x00000000c1600000,0x00000000cf3e66d0,0x00000000d3180000)
 Metaspace       used 54235K, capacity 57768K, committed 57984K, reserved 1099776K
  class space    used 7382K, capacity 8258K, committed 8320K, reserved 1048576K
}

Deoptimization events (10 events):
Event: 721.613 Thread 0x0000000015b96000 Uncommon trap: reason=bimorphic action=maybe_recompile pc=0x00000000045afb88 method=io.netty.buffer.AbstractByteBuf.writeBytes([B)Lio/netty/buffer/ByteBuf; @ 5
Event: 721.613 Thread 0x0000000015b96000 Uncommon trap: reason=bimorphic action=maybe_recompile pc=0x0000000004b9b2d0 method=io.netty.buffer.AbstractByteBuf.writeBytes([BII)Lio/netty/buffer/ByteBuf; @ 2
Event: 721.613 Thread 0x0000000015b96000 Uncommon trap: reason=bimorphic action=maybe_recompile pc=0x0000000004b9743c method=io.netty.buffer.AbstractByteBuf.ensureAccessible()V @ 7
Event: 721.613 Thread 0x0000000015b96000 Uncommon trap: reason=bimorphic action=maybe_recompile pc=0x00000000042fbd0c method=io.netty.buffer.AbstractByteBuf.writableBytes()I @ 1
Event: 721.614 Thread 0x0000000015b96000 Uncommon trap: reason=bimorphic action=maybe_recompile pc=0x0000000004b87208 method=io.netty.buffer.AbstractByteBuf.checkIndex0(II)V @ 3
Event: 721.614 Thread 0x0000000019956000 Uncommon trap: reason=bimorphic action=maybe_recompile pc=0x0000000003a8dd54 method=io.netty.buffer.AbstractByteBuf.ensureAccessible()V @ 7
Event: 721.614 Thread 0x0000000019956000 Uncommon trap: reason=bimorphic action=maybe_recompile pc=0x0000000004b87208 method=io.netty.buffer.AbstractByteBuf.checkIndex0(II)V @ 3
Event: 721.614 Thread 0x0000000019956000 Uncommon trap: reason=class_check action=maybe_recompile pc=0x0000000003c8c07c method=io.netty.buffer.AbstractByteBuf.writeBytes(Lio/netty/buffer/ByteBuf;)Lio/netty/buffer/ByteBuf; @ 3
Event: 721.614 Thread 0x0000000019956000 Uncommon trap: reason=class_check action=maybe_recompile pc=0x0000000003c8918c method=io.netty.buffer.AbstractByteBuf.writeBytes(Lio/netty/buffer/ByteBuf;I)Lio/netty/buffer/ByteBuf; @ 2
Event: 721.614 Thread 0x0000000019956000 Uncommon trap: reason=class_check action=maybe_recompile pc=0x00000000038dd3c0 method=io.netty.buffer.UnsafeByteBufUtil.setBytes(Lio/netty/buffer/AbstractByteBuf;JILio/netty/buffer/ByteBuf;II)V @ 21

Classes redefined (0 events):
No events

Internal exceptions (10 events):
Event: 480.432 Thread 0x0000000015b96000 Exception <a 'java/io/IOException'> (0x00000000f5e834d0) thrown at [C:\re\workspace\8-2-build-windows-amd64-cygwin\jdk8u191\11896\hotspot\src\share\vm\prims\jni.cpp, line 709]
Event: 480.432 Thread 0x0000000015b96000 Exception <a 'java/io/IOException'> (0x00000000f5e83918) thrown at [C:\re\workspace\8-2-build-windows-amd64-cygwin\jdk8u191\11896\hotspot\src\share\vm\prims\jni.cpp, line 709]
Event: 490.949 Thread 0x0000000015b96000 Exception <a 'java/io/IOException'> (0x00000000fc81c3c8) thrown at [C:\re\workspace\8-2-build-windows-amd64-cygwin\jdk8u191\11896\hotspot\src\share\vm\prims\jni.cpp, line 709]
Event: 490.950 Thread 0x0000000015b96000 Exception <a 'java/io/IOException'> (0x00000000fc81c810) thrown at [C:\re\workspace\8-2-build-windows-amd64-cygwin\jdk8u191\11896\hotspot\src\share\vm\prims\jni.cpp, line 709]
Event: 490.951 Thread 0x0000000015b96000 Exception <a 'java/io/IOException'> (0x00000000fc81f0d0) thrown at [C:\re\workspace\8-2-build-windows-amd64-cygwin\jdk8u191\11896\hotspot\src\share\vm\prims\jni.cpp, line 709]
Event: 490.951 Thread 0x0000000015b96000 Exception <a 'java/io/IOException'> (0x00000000fc81f518) thrown at [C:\re\workspace\8-2-build-windows-amd64-cygwin\jdk8u191\11896\hotspot\src\share\vm\prims\jni.cpp, line 709]
Event: 721.612 Thread 0x0000000015b96000 Exception <a 'java/io/IOException'> (0x00000000f494a040) thrown at [C:\re\workspace\8-2-build-windows-amd64-cygwin\jdk8u191\11896\hotspot\src\share\vm\prims\jni.cpp, line 709]
Event: 721.613 Thread 0x0000000015b96000 Exception <a 'java/io/IOException'> (0x00000000f494a488) thrown at [C:\re\workspace\8-2-build-windows-amd64-cygwin\jdk8u191\11896\hotspot\src\share\vm\prims\jni.cpp, line 709]
Event: 721.648 Thread 0x0000000015b96000 Exception <a 'java/io/IOException'> (0x00000000f4958608) thrown at [C:\re\workspace\8-2-build-windows-amd64-cygwin\jdk8u191\11896\hotspot\src\share\vm\prims\jni.cpp, line 709]
Event: 721.648 Thread 0x0000000015b96000 Exception <a 'java/io/IOException'> (0x00000000f4958a50) thrown at [C:\re\workspace\8-2-build-windows-amd64-cygwin\jdk8u191\11896\hotspot\src\share\vm\prims\jni.cpp, line 709]

Events (10 events):
Event: 729.338 Thread 0x0000000015b95000 flushing nmethod 0x0000000004421f10
Event: 729.338 Thread 0x0000000015b95000 flushing nmethod 0x0000000004425650
Event: 729.338 Thread 0x0000000015b95000 flushing nmethod 0x0000000004445310
Event: 729.338 Thread 0x0000000015b95000 flushing nmethod 0x0000000004490550
Event: 729.338 Thread 0x0000000015b95000 flushing nmethod 0x00000000044941d0
Event: 729.855 Thread 0x0000000015b8d000 flushing nmethod 0x00000000045c3190
Event: 729.855 Thread 0x0000000015b8d000 flushing nmethod 0x000000000462d890
Event: 729.855 Thread 0x0000000015b8d000 flushing nmethod 0x000000000466acd0
Event: 730.015 Thread 0x0000000015b91800 flushing nmethod 0x000000000469d5d0
Event: 730.015 Thread 0x0000000015b91800 flushing nmethod 0x000000000469e4d0


Dynamic libraries:
0x00007ff773b90000 - 0x00007ff773bc7000 	C:\Program Files\Java\jre1.8.0_191\bin\javaw.exe
0x00007ff83e2e0000 - 0x00007ff83e4c1000 	C:\Windows\SYSTEM32\ntdll.dll
0x00007ff83db10000 - 0x00007ff83dbc2000 	C:\Windows\System32\KERNEL32.DLL
0x00007ff83b4f0000 - 0x00007ff83b763000 	C:\Windows\System32\KERNELBASE.dll
0x000000005d8b0000 - 0x000000005dbd5000 	C:\Program Files\Norton Security\NortonData\22.16.2.22\Definitions\IPSDefs\20190206.061\IPSEng64.dll
0x00007ff83d3c0000 - 0x00007ff83d461000 	C:\Windows\System32\ADVAPI32.dll
0x00007ff83bbd0000 - 0x00007ff83bc6e000 	C:\Windows\System32\msvcrt.dll
0x00007ff83d920000 - 0x00007ff83d97b000 	C:\Windows\System32\sechost.dll
0x00007ff83baa0000 - 0x00007ff83bbc4000 	C:\Windows\System32\RPCRT4.dll
0x00007ff83e080000 - 0x00007ff83e088000 	C:\Windows\System32\PSAPI.DLL
0x00007ff83d110000 - 0x00007ff83d2a0000 	C:\Windows\System32\USER32.dll
0x00007ff83b470000 - 0x00007ff83b490000 	C:\Windows\System32\win32u.dll
0x00007ff83e090000 - 0x00007ff83e0b8000 	C:\Windows\System32\GDI32.dll
0x00007ff83a900000 - 0x00007ff83aa92000 	C:\Windows\System32\gdi32full.dll
0x00007ff83a7b0000 - 0x00007ff83a84f000 	C:\Windows\System32\msvcp_win.dll
0x00007ff83a6b0000 - 0x00007ff83a7aa000 	C:\Windows\System32\ucrtbase.dll
0x00007ff828a50000 - 0x00007ff828cb9000 	C:\Windows\WinSxS\amd64_microsoft.windows.common-controls_6595b64144ccf1df_6.0.17134.523_none_fb409dd930672a56\COMCTL32.dll
0x00007ff83b770000 - 0x00007ff83ba92000 	C:\Windows\System32\combase.dll
0x00007ff83b3f0000 - 0x00007ff83b46a000 	C:\Windows\System32\bcryptPrimitives.dll
0x00007ff83d540000 - 0x00007ff83d56d000 	C:\Windows\System32\IMM32.DLL
0x000000005d7d0000 - 0x000000005d8a2000 	C:\Program Files\Java\jre1.8.0_191\bin\msvcr100.dll
0x000000005cf20000 - 0x000000005d7c4000 	C:\Program Files\Java\jre1.8.0_191\bin\server\jvm.dll
0x00007ff838910000 - 0x00007ff838933000 	C:\Windows\SYSTEM32\WINMM.dll
0x00007ff82c700000 - 0x00007ff82c70a000 	C:\Windows\SYSTEM32\VERSION.dll
0x00007ff8373d0000 - 0x00007ff8373d9000 	C:\Windows\SYSTEM32\WSOCK32.dll
0x00007ff83d4d0000 - 0x00007ff83d53c000 	C:\Windows\System32\WS2_32.dll
0x00007ff8388e0000 - 0x00007ff83890a000 	C:\Windows\SYSTEM32\WINMMBASE.dll
0x00007ff83aaa0000 - 0x00007ff83aae9000 	C:\Windows\System32\cfgmgr32.dll
0x000000005cf10000 - 0x000000005cf1f000 	C:\Program Files\Java\jre1.8.0_191\bin\verify.dll
0x000000005cee0000 - 0x000000005cf09000 	C:\Program Files\Java\jre1.8.0_191\bin\java.dll
0x000000005cec0000 - 0x000000005ced6000 	C:\Program Files\Java\jre1.8.0_191\bin\zip.dll
0x00007ff83bcd0000 - 0x00007ff83d110000 	C:\Windows\System32\SHELL32.dll
0x00007ff83d710000 - 0x00007ff83d7b9000 	C:\Windows\System32\shcore.dll
0x00007ff83ace0000 - 0x00007ff83b3ed000 	C:\Windows\System32\windows.storage.dll
0x00007ff83bc70000 - 0x00007ff83bcc1000 	C:\Windows\System32\shlwapi.dll
0x00007ff83a690000 - 0x00007ff83a6a1000 	C:\Windows\System32\kernel.appcore.dll
0x00007ff83a600000 - 0x00007ff83a61f000 	C:\Windows\System32\profapi.dll
0x00007ff83a620000 - 0x00007ff83a66c000 	C:\Windows\System32\powrprof.dll
0x00007ff83a5f0000 - 0x00007ff83a5fa000 	C:\Windows\System32\FLTLIB.DLL
0x000000005ceb0000 - 0x000000005cebd000 	C:\Program Files\Java\jre1.8.0_191\bin\management.dll
0x000000005ce90000 - 0x000000005ceaa000 	C:\Program Files\Java\jre1.8.0_191\bin\net.dll
0x00007ff839e70000 - 0x00007ff839ed6000 	C:\Windows\system32\mswsock.dll
0x00007ff836d70000 - 0x00007ff836d86000 	C:\Windows\system32\napinsp.dll
0x00007ff82e6e0000 - 0x00007ff82e6fa000 	C:\Windows\system32\pnrpnsp.dll
0x00007ff836ce0000 - 0x00007ff836cf9000 	C:\Windows\system32\NLAapi.dll
0x00007ff839c30000 - 0x00007ff839cee000 	C:\Windows\SYSTEM32\DNSAPI.dll
0x00007ff83db00000 - 0x00007ff83db08000 	C:\Windows\System32\NSI.dll
0x00007ff839bf0000 - 0x00007ff839c28000 	C:\Windows\SYSTEM32\IPHLPAPI.DLL
0x00007ff836d60000 - 0x00007ff836d6e000 	C:\Windows\System32\winrnr.dll
0x00007ff81dd30000 - 0x00007ff81dd45000 	C:\Windows\System32\wshbth.dll
0x00007ff82f3d0000 - 0x00007ff82f3da000 	C:\Windows\System32\rasadhlp.dll
0x00007ff82dd50000 - 0x00007ff82ddc2000 	C:\Windows\System32\fwpuclnt.dll
0x00007ff83a150000 - 0x00007ff83a175000 	C:\Windows\SYSTEM32\bcrypt.dll
0x000000005ce70000 - 0x000000005ce81000 	C:\Program Files\Java\jre1.8.0_191\bin\nio.dll
0x00007ff83a030000 - 0x00007ff83a047000 	C:\Windows\SYSTEM32\CRYPTSP.dll
0x00007ff839a50000 - 0x00007ff839a83000 	C:\Windows\system32\rsaenh.dll
0x00007ff83a520000 - 0x00007ff83a548000 	C:\Windows\SYSTEM32\USERENV.dll
0x00007ff83a020000 - 0x00007ff83a02b000 	C:\Windows\SYSTEM32\CRYPTBASE.dll
0x00007ff834050000 - 0x00007ff834066000 	C:\Windows\SYSTEM32\dhcpcsvc6.DLL
0x00007ff833a70000 - 0x00007ff833a8a000 	C:\Windows\SYSTEM32\dhcpcsvc.DLL
0x000000005ccd0000 - 0x000000005ce69000 	C:\Program Files\Java\jre1.8.0_191\bin\awt.dll
0x00007ff83e160000 - 0x00007ff83e222000 	C:\Windows\System32\OLEAUT32.dll
0x00007ff8386c0000 - 0x00007ff83874b000 	C:\Windows\SYSTEM32\apphelp.dll
0x00007ff838b20000 - 0x00007ff838bb8000 	C:\Windows\system32\uxtheme.dll
0x00007ff83d980000 - 0x00007ff83daf3000 	C:\Windows\System32\MSCTF.dll
0x00007ff838d80000 - 0x00007ff838da9000 	C:\Windows\system32\dwmapi.dll
0x00007ff83d7c0000 - 0x00007ff83d911000 	C:\Windows\System32\ole32.dll
0x000000005cc80000 - 0x000000005ccc7000 	C:\Program Files\Java\jre1.8.0_191\bin\fontmanager.dll
0x00007ff813c50000 - 0x00007ff813d70000 	C:\Windows\system32\opengl32.dll
0x00007ff82c260000 - 0x00007ff82c28c000 	C:\Windows\SYSTEM32\GLU32.dll
0x000000005cc30000 - 0x000000005cc72000 	C:\Program Files\Java\jre1.8.0_191\bin\t2k.dll
0x00007ff83e0c0000 - 0x00007ff83e160000 	C:\Windows\System32\clbcatq.dll
0x00007ff8357c0000 - 0x00007ff83596e000 	C:\Windows\SYSTEM32\WindowsCodecs.dll
0x00007ff817910000 - 0x00007ff817968000 	C:\Windows\system32\dataexchange.dll
0x00007ff8370c0000 - 0x00007ff8373cb000 	C:\Windows\system32\d3d11.dll
0x00007ff837dd0000 - 0x00007ff837f6c000 	C:\Windows\system32\dcomp.dll
0x00007ff8393b0000 - 0x00007ff83946b000 	C:\Windows\system32\dxgi.dll
0x00007ff838ec0000 - 0x00007ff839078000 	C:\Windows\system32\twinapi.appcore.dll
0x00007ff838e90000 - 0x00007ff838eb1000 	C:\Windows\system32\RMCLIENT.dll
0x00007ff835cf0000 - 0x00007ff835d86000 	C:\Windows\System32\TextInputFramework.dll
0x00007ff835d90000 - 0x00007ff8360ae000 	C:\Windows\System32\CoreUIComponents.dll
0x00007ff837f70000 - 0x00007ff83804a000 	C:\Windows\System32\CoreMessaging.dll
0x00007ff8396e0000 - 0x00007ff839711000 	C:\Windows\SYSTEM32\ntmarta.dll
0x00007ff8360b0000 - 0x00007ff8361fd000 	C:\Windows\SYSTEM32\wintypes.dll
0x000000005cc00000 - 0x000000005cc2a000 	C:\Program Files\Java\jre1.8.0_191\bin\dcpr.dll

VM Arguments:
java_command: C:\Users\adrie\Downloads\sever\server.jar
java_class_path (initial): C:\Users\adrie\Downloads\sever\server.jar
Launcher Type: SUN_STANDARD

Environment Variables:
PATH=C:\Program Files (x86)\Common Files\Oracle\Java\javapath;C:\ProgramData\Oracle\Java\javapath;C:\Windows\system32;C:\Windows;C:\Windows\System32\Wbem;C:\Windows\System32\WindowsPowerShell\v1.0\;C:\MinGW\bin;%QUARTUS_ROOTDIR%\bin;C:\Windows\System32\OpenSSH\;C:\Program Files\Git\cmd;C:\php;C:\Users\adrie\AppData\Local\Microsoft\WindowsApps;C:\Users\adrie\AppData\Local\Programs\Microsoft VS Code\bin;C:\xampp\php;
USERNAME=adrie
OS=Windows_NT
PROCESSOR_IDENTIFIER=Intel64 Family 6 Model 78 Stepping 3, GenuineIntel



---------------  S Y S T E M  ---------------

OS: Windows 10.0 , 64 bit Build 17134 (10.0.17134.1)

CPU:total 4 (initial active 4) (2 cores per cpu, 2 threads per core) family 6 model 78 stepping 3, cmov, cx8, fxsr, mmx, sse, sse2, sse3, ssse3, sse4.1, sse4.2, popcnt, avx, avx2, aes, clmul, erms, rtm, 3dnowpref, lzcnt, ht, tsc, tscinvbit, bmi1, bmi2, adx

Memory: 4k page, physical 4097960k(391608k free), swap 6145960k(680k free)

vm_info: Java HotSpot(TM) 64-Bit Server VM (25.191-b12) for windows-amd64 JRE (1.8.0_191-b12), built on Oct  6 2018 09:29:03 by "java_re" with MS VC++ 10.0 (VS2010)

time: Thu Feb 07 21:56:29 2019
elapsed time: 730 seconds (0d 0h 12m 10s)

