[20:35:50] [main/WARN]: Ambiguity between arguments [teleport, destination] and [teleport, targets] with inputs: [Player, 0123, @e, dd12be42-52a9-4a91-a8a1-11c01849e498]
[20:35:50] [main/WARN]: Ambiguity between arguments [teleport, location] and [teleport, destination] with inputs: [0.1 -0.5 .9, 0 0 0]
[20:35:50] [main/WARN]: Ambiguity between arguments [teleport, location] and [teleport, targets] with inputs: [0.1 -0.5 .9, 0 0 0]
[20:35:50] [main/WARN]: Ambiguity between arguments [teleport, targets] and [teleport, destination] with inputs: [Player, 0123, dd12be42-52a9-4a91-a8a1-11c01849e498]
[20:35:50] [main/WARN]: Ambiguity between arguments [teleport, targets, location] and [teleport, targets, destination] with inputs: [0.1 -0.5 .9, 0 0 0]
[20:35:50] [main/INFO]: Loaded 0 recipes
[20:35:50] [main/INFO]: Loaded 0 advancements
[20:35:51] [Server thread/INFO]: Starting minecraft server version 1.13.2
[20:35:51] [Server console handler/ERROR]: Exception handling console input
java.io.IOException: Identificador inválido
	at java.io.FileInputStream.readBytes(Native Method) ~[?:1.8.0_191]
	at java.io.FileInputStream.read(Unknown Source) ~[?:1.8.0_191]
	at java.io.BufferedInputStream.read1(Unknown Source) ~[?:1.8.0_191]
	at java.io.BufferedInputStream.read(Unknown Source) ~[?:1.8.0_191]
	at sun.nio.cs.StreamDecoder.readBytes(Unknown Source) ~[?:1.8.0_191]
	at sun.nio.cs.StreamDecoder.implRead(Unknown Source) ~[?:1.8.0_191]
	at sun.nio.cs.StreamDecoder.read(Unknown Source) ~[?:1.8.0_191]
	at java.io.InputStreamReader.read(Unknown Source) ~[?:1.8.0_191]
	at java.io.BufferedReader.fill(Unknown Source) ~[?:1.8.0_191]
	at java.io.BufferedReader.readLine(Unknown Source) ~[?:1.8.0_191]
	at java.io.BufferedReader.readLine(Unknown Source) ~[?:1.8.0_191]
	at so$2.run(SourceFile:110) [server.jar:?]
[20:35:51] [Server thread/INFO]: Loading properties
[20:35:51] [Server thread/INFO]: Default game type: SURVIVAL
[20:35:51] [Server thread/INFO]: Generating keypair
[20:35:51] [Server thread/INFO]: Starting Minecraft server on 25.8.138.197:25565
[20:35:51] [Server thread/INFO]: Using default channel type
[20:35:54] [Server thread/WARN]: **** SERVER IS RUNNING IN OFFLINE/INSECURE MODE!
[20:35:54] [Server thread/WARN]: The server will make no attempt to authenticate usernames. Beware.
[20:35:54] [Server thread/WARN]: While this makes the game possible to play without internet access, it also opens up the ability for hackers to connect with any username they choose.
[20:35:54] [Server thread/WARN]: To change this, set "online-mode" to "true" in the server.properties file.
[20:35:54] [Server thread/INFO]: Preparing level "world"
[20:35:54] [Server thread/INFO]: Reloading ResourceManager: Default
[20:35:56] [Server thread/INFO]: Loaded 524 recipes
[20:35:58] [Server thread/INFO]: Loaded 571 advancements
[20:35:59] [Server thread/INFO]: Preparing start region for dimension minecraft:overworld
[20:35:59] [Server thread/INFO]: Preparing spawn area: 4%
[20:35:59] [Server thread/INFO]: Preparing spawn area: 8%
[20:35:59] [Server thread/INFO]: Preparing spawn area: 12%
[20:35:59] [Server thread/INFO]: Preparing spawn area: 16%
[20:35:59] [Server thread/INFO]: Preparing spawn area: 20%
[20:36:00] [Server thread/INFO]: Preparing spawn area: 24%
[20:36:00] [Server thread/INFO]: Preparing spawn area: 28%
[20:36:00] [Server thread/INFO]: Preparing spawn area: 32%
[20:36:00] [Server thread/INFO]: Preparing spawn area: 36%
[20:36:02] [Server thread/INFO]: Preparing spawn area: 40%
[20:36:02] [Server thread/INFO]: Preparing spawn area: 44%
[20:36:02] [Server thread/INFO]: Preparing spawn area: 48%
[20:36:03] [Server thread/INFO]: Preparing spawn area: 52%
[20:36:03] [Server thread/INFO]: Preparing spawn area: 56%
[20:36:03] [Server thread/INFO]: Preparing spawn area: 60%
[20:36:03] [Server thread/INFO]: Preparing spawn area: 64%
[20:36:03] [Server thread/INFO]: Preparing spawn area: 68%
[20:36:03] [Server thread/INFO]: Preparing spawn area: 72%
[20:36:03] [Server thread/INFO]: Preparing spawn area: 76%
[20:36:03] [Server thread/INFO]: Preparing spawn area: 80%
[20:36:03] [Server thread/INFO]: Preparing spawn area: 84%
[20:36:03] [Server thread/INFO]: Preparing spawn area: 88%
[20:36:03] [Server thread/INFO]: Preparing spawn area: 92%
[20:36:03] [Server thread/WARN]: Keeping entity minecraft:pig that already exists with UUID 947a8714-5a6d-4a5b-981c-437460453cab
[20:36:03] [Server thread/INFO]: Preparing spawn area: 96%
[20:36:04] [Server thread/INFO]: Preparing spawn area: 100%
[20:36:04] [Server thread/INFO]: Time elapsed: 5101 ms
[20:36:04] [Server thread/INFO]: Done (9.398s)! For help, type "help"
