[00:07:48] [Server thread/WARN]: Can't keep up! Is the server overloaded? Running 2528ms or 50 ticks behind
[00:08:04] [Server thread/WARN]: almirNeto moved too quickly! 1.2138859450771058,-4.464159374955443,-9.032232054921224
[00:08:12] [Server thread/WARN]: Can't keep up! Is the server overloaded? Running 8570ms or 171 ticks behind
[00:08:20] [Server thread/WARN]: almirNeto moved too quickly! -4.811590823413233,2.1661092609382138,8.714278401747151
[00:08:24] [Server thread/WARN]: almirNeto was kicked for floating too long!
[00:08:24] [Server thread/WARN]: almirNeto was kicked for floating too long!
[00:08:25] [Server thread/INFO]: almirNeto lost connection: Flying is not enabled on this server
[00:08:25] [Server thread/INFO]: almirNeto left the game
[00:08:33] [Server thread/INFO]: almirNeto[/25.8.56.8:55756] logged in with entity id 147328 at (-47.578253891466716, 66.00133597911214, -1675.1077306409488)
[00:08:33] [Server thread/INFO]: almirNeto joined the game
[00:08:50] [Server thread/INFO]: almirNeto lost connection: Disconnected
[00:08:50] [Server thread/INFO]: almirNeto left the game
[00:09:36] [Server thread/INFO]: almirNeto[/25.8.56.8:55762] logged in with entity id 148524 at (-47.578253891466716, 66.00133597911214, -1675.1077306409488)
[00:09:36] [Server thread/INFO]: almirNeto joined the game
[00:13:55] [Server thread/WARN]: Can't keep up! Is the server overloaded? Running 2019ms or 40 ticks behind
[00:14:52] [Server thread/INFO]: almirNeto has made the advancement [Local Brewery]
[00:19:18] [Server thread/WARN]: Can't keep up! Is the server overloaded? Running 2024ms or 40 ticks behind
[00:22:38] [Server thread/WARN]: Can't keep up! Is the server overloaded? Running 2003ms or 40 ticks behind
[00:23:14] [Server thread/WARN]: Can't keep up! Is the server overloaded? Running 2013ms or 40 ticks behind
[00:24:12] [Server thread/WARN]: Can't keep up! Is the server overloaded? Running 2003ms or 40 ticks behind
[00:24:30] [Server thread/WARN]: Can't keep up! Is the server overloaded? Running 3082ms or 61 ticks behind
[00:24:49] [Server thread/WARN]: Can't keep up! Is the server overloaded? Running 4038ms or 80 ticks behind
[00:25:53] [Server thread/WARN]: Can't keep up! Is the server overloaded? Running 2005ms or 40 ticks behind
[00:26:04] [Server thread/WARN]: almirNeto moved too quickly! -9.40419302386902,0.0,-3.8259146732534646
[00:27:51] [Server thread/WARN]: almirNeto moved too quickly! 4.729997218378536,0.41999998688697815,8.863546090281716
[00:27:56] [Server thread/WARN]: almirNeto was kicked for floating too long!
[00:27:56] [Server thread/INFO]: almirNeto lost connection: Flying is not enabled on this server
[00:27:56] [Server thread/INFO]: almirNeto left the game
[00:29:57] [Server thread/INFO]: almirNeto[/25.8.56.8:55957] logged in with entity id 177474 at (-40.55196205064373, 64.25220334025373, -1699.4657621715628)
[00:29:57] [Server thread/INFO]: almirNeto joined the game
[00:30:15] [Server thread/INFO]: almirNeto lost connection: Timed out
[00:30:15] [Server thread/INFO]: almirNeto left the game
[00:30:47] [Server thread/INFO]: almirNeto[/25.8.56.8:56031] logged in with entity id 179506 at (-40.55196205064373, 64.25220334025373, -1699.4657621715628)
[00:30:47] [Server thread/INFO]: almirNeto joined the game
[00:30:49] [Server thread/WARN]: Can't keep up! Is the server overloaded? Running 2014ms or 40 ticks behind
[00:31:05] [Server thread/INFO]: almirNeto lost connection: Timed out
[00:31:05] [Server thread/INFO]: almirNeto left the game
[00:31:07] [Server thread/WARN]: Can't keep up! Is the server overloaded? Running 3045ms or 60 ticks behind
[00:31:13] [Server thread/INFO]: almirNeto[/25.8.56.8:56034] logged in with entity id 180345 at (-40.55196205064373, 64.25220334025373, -1699.4657621715628)
[00:31:13] [Server thread/INFO]: almirNeto joined the game
[00:31:25] [Server thread/WARN]: Can't keep up! Is the server overloaded? Running 3220ms or 64 ticks behind
[00:31:43] [Server thread/WARN]: Can't keep up! Is the server overloaded? Running 2925ms or 58 ticks behind
[00:32:03] [Server thread/WARN]: Can't keep up! Is the server overloaded? Running 4713ms or 94 ticks behind
[00:32:21] [Server thread/WARN]: Can't keep up! Is the server overloaded? Running 3229ms or 64 ticks behind
[00:32:39] [Server thread/WARN]: Can't keep up! Is the server overloaded? Running 2004ms or 40 ticks behind
[00:33:32] [Server thread/WARN]: Horse (vehicle of almirNeto) moved too quickly! -7.048998261927405,-1.0850286086269278,-7.078984281100929
[00:33:32] [Server thread/WARN]: Horse (vehicle of almirNeto) moved too quickly! -7.239035775257232,-1.2356500657945801,-7.201470338753097
[00:33:32] [Server thread/WARN]: Horse (vehicle of almirNeto) moved too quickly! -7.426386622793682,-1.457138917569175,-7.316715235498577
[00:33:32] [Server thread/WARN]: Horse (vehicle of almirNeto) moved too quickly! -7.611341501706544,-1.7466888164489305,-7.425502464761394
[00:33:32] [Server thread/WARN]: Horse (vehicle of almirNeto) moved too quickly! -7.794159655739318,-2.0081966071315662,-7.528530745997159
[00:33:32] [Server thread/WARN]: Horse (vehicle of almirNeto) moved too quickly! -8.135950728147531,-2.0081966071315662,-7.680529635301127
[00:33:32] [Server thread/WARN]: Horse (vehicle of almirNeto) moved too quickly! -8.497590154357436,-2.0081966071315662,-7.821979475886792
[00:33:32] [Server thread/WARN]: Horse (vehicle of almirNeto) moved too quickly! -8.869850038953143,-2.0081966071315662,-7.957784730828507
[00:33:32] [Server thread/WARN]: Horse (vehicle of almirNeto) moved too quickly! -9.197986362651942,-2.0081966071315662,-8.16285694946987
[00:33:32] [Server thread/WARN]: Horse (vehicle of almirNeto) moved too quickly! -9.498286282117004,-2.0081966071315662,-8.408981386489131
[00:34:12] [Server thread/WARN]: Can't keep up! Is the server overloaded? Running 2016ms or 40 ticks behind
[00:34:35] [Server thread/WARN]: Can't keep up! Is the server overloaded? Running 2003ms or 40 ticks behind
[00:35:00] [Server thread/WARN]: Can't keep up! Is the server overloaded? Running 2019ms or 40 ticks behind
[00:35:29] [Server thread/WARN]: Can't keep up! Is the server overloaded? Running 2032ms or 40 ticks behind
[00:38:04] [Server thread/WARN]: Can't keep up! Is the server overloaded? Running 2008ms or 40 ticks behind
[00:38:55] [Server thread/WARN]: Can't keep up! Is the server overloaded? Running 2009ms or 40 ticks behind
[00:38:59] [Server thread/WARN]: almirNeto moved too quickly! -10.02853946436369,0.24918707874468282,1.4717263239444947
[00:39:37] [Server thread/WARN]: Can't keep up! Is the server overloaded? Running 2288ms or 45 ticks behind
[00:39:59] [Server thread/WARN]: Can't keep up! Is the server overloaded? Running 6410ms or 128 ticks behind
[00:40:21] [Server thread/WARN]: Can't keep up! Is the server overloaded? Running 2007ms or 40 ticks behind
[00:40:43] [Server thread/WARN]: Can't keep up! Is the server overloaded? Running 7377ms or 147 ticks behind
[00:41:01] [Server thread/WARN]: Can't keep up! Is the server overloaded? Running 2742ms or 54 ticks behind
[00:41:21] [Server thread/WARN]: Can't keep up! Is the server overloaded? Running 4892ms or 97 ticks behind
[00:41:40] [Server thread/WARN]: Can't keep up! Is the server overloaded? Running 3984ms or 79 ticks behind
[00:41:58] [Server thread/WARN]: Can't keep up! Is the server overloaded? Running 3153ms or 63 ticks behind
[00:42:16] [Server thread/WARN]: Can't keep up! Is the server overloaded? Running 3137ms or 62 ticks behind
[00:42:34] [Server thread/WARN]: Can't keep up! Is the server overloaded? Running 3455ms or 69 ticks behind
[00:42:53] [Server thread/WARN]: Can't keep up! Is the server overloaded? Running 2004ms or 40 ticks behind
[00:43:16] [Server thread/WARN]: Can't keep up! Is the server overloaded? Running 2031ms or 40 ticks behind
[00:43:34] [Server thread/WARN]: Can't keep up! Is the server overloaded? Running 2848ms or 56 ticks behind
[00:44:10] [Server thread/WARN]: Can't keep up! Is the server overloaded? Running 2035ms or 40 ticks behind
[00:44:58] [Server thread/WARN]: Can't keep up! Is the server overloaded? Running 2018ms or 40 ticks behind
[00:46:33] [Server thread/WARN]: Can't keep up! Is the server overloaded? Running 2022ms or 40 ticks behind
[00:49:32] [Server thread/WARN]: Can't keep up! Is the server overloaded? Running 2011ms or 40 ticks behind
[00:51:13] [Server thread/WARN]: Can't keep up! Is the server overloaded? Running 2014ms or 40 ticks behind
[00:51:30] [Server thread/WARN]: Can't keep up! Is the server overloaded? Running 2183ms or 43 ticks behind
[00:51:50] [Server thread/WARN]: Can't keep up! Is the server overloaded? Running 2165ms or 43 ticks behind
[00:52:09] [Server thread/WARN]: Can't keep up! Is the server overloaded? Running 3669ms or 73 ticks behind
[00:52:34] [Server thread/WARN]: Can't keep up! Is the server overloaded? Running 2001ms or 40 ticks behind
[00:52:52] [Server thread/WARN]: Can't keep up! Is the server overloaded? Running 3005ms or 60 ticks behind
[00:53:10] [Server thread/WARN]: Can't keep up! Is the server overloaded? Running 3693ms or 73 ticks behind
[00:53:29] [Server thread/WARN]: Can't keep up! Is the server overloaded? Running 2002ms or 40 ticks behind
[00:53:49] [Server thread/WARN]: Can't keep up! Is the server overloaded? Running 4774ms or 95 ticks behind
[00:54:07] [Server thread/WARN]: Can't keep up! Is the server overloaded? Running 3624ms or 72 ticks behind
[00:54:26] [Server thread/WARN]: Can't keep up! Is the server overloaded? Running 3993ms or 79 ticks behind
[00:54:35] [Server thread/WARN]: Tininzera moved too quickly! -0.05751215098567464,-10.764277420740946,0.010805875474716231
[00:54:48] [Server thread/WARN]: Can't keep up! Is the server overloaded? Running 6966ms or 139 ticks behind
[00:55:10] [Server thread/WARN]: Can't keep up! Is the server overloaded? Running 6574ms or 131 ticks behind
[00:55:33] [Server thread/WARN]: Can't keep up! Is the server overloaded? Running 8135ms or 162 ticks behind
[00:55:54] [Server thread/WARN]: Can't keep up! Is the server overloaded? Running 6324ms or 126 ticks behind
[00:56:13] [Server thread/WARN]: Can't keep up! Is the server overloaded? Running 2025ms or 40 ticks behind
[00:56:16] [Server thread/INFO]: almirNeto lost connection: Timed out
[00:56:16] [Server thread/INFO]: almirNeto left the game
[00:56:24] [Server thread/INFO]: almirNeto[/25.8.56.8:56096] logged in with entity id 236064 at (-37.56936558579604, 63.0, -1710.9577758504183)
[00:56:24] [Server thread/INFO]: almirNeto joined the game
[00:56:31] [Server thread/WARN]: Can't keep up! Is the server overloaded? Running 3082ms or 61 ticks behind
[00:56:53] [Server thread/WARN]: Can't keep up! Is the server overloaded? Running 6633ms or 132 ticks behind
[00:57:13] [Server thread/WARN]: Can't keep up! Is the server overloaded? Running 5242ms or 104 ticks behind
[00:57:36] [Server thread/WARN]: Can't keep up! Is the server overloaded? Running 8145ms or 162 ticks behind
[00:58:01] [Server thread/WARN]: Can't keep up! Is the server overloaded? Running 9839ms or 196 ticks behind
[00:58:23] [Server thread/WARN]: Can't keep up! Is the server overloaded? Running 7293ms or 145 ticks behind
[00:58:42] [Server thread/WARN]: Can't keep up! Is the server overloaded? Running 3663ms or 73 ticks behind
[00:59:02] [Server thread/WARN]: Can't keep up! Is the server overloaded? Running 4828ms or 96 ticks behind
[00:59:29] [Server thread/WARN]: Can't keep up! Is the server overloaded? Running 2008ms or 40 ticks behind
[00:59:48] [Server thread/WARN]: Can't keep up! Is the server overloaded? Running 4148ms or 82 ticks behind
[01:00:12] [Server thread/WARN]: Can't keep up! Is the server overloaded? Running 2025ms or 40 ticks behind
[01:00:31] [Server thread/WARN]: Can't keep up! Is the server overloaded? Running 3558ms or 71 ticks behind
[01:00:50] [Server thread/WARN]: Can't keep up! Is the server overloaded? Running 4170ms or 83 ticks behind
[01:01:07] [Server thread/WARN]: Can't keep up! Is the server overloaded? Running 2014ms or 40 ticks behind
[01:01:26] [Server thread/WARN]: Can't keep up! Is the server overloaded? Running 3924ms or 78 ticks behind
[01:01:46] [Server thread/WARN]: Can't keep up! Is the server overloaded? Running 5024ms or 100 ticks behind
[01:02:05] [Server thread/WARN]: Can't keep up! Is the server overloaded? Running 4168ms or 83 ticks behind
[01:02:25] [Server thread/WARN]: Can't keep up! Is the server overloaded? Running 4581ms or 91 ticks behind
[01:02:45] [Server thread/WARN]: Can't keep up! Is the server overloaded? Running 5721ms or 114 ticks behind
[01:03:08] [Server thread/WARN]: Can't keep up! Is the server overloaded? Running 7455ms or 149 ticks behind
[01:03:30] [Server thread/WARN]: Can't keep up! Is the server overloaded? Running 6605ms or 132 ticks behind
[01:03:54] [Server thread/WARN]: Can't keep up! Is the server overloaded? Running 9712ms or 194 ticks behind
[01:04:18] [Server thread/WARN]: Can't keep up! Is the server overloaded? Running 9108ms or 182 ticks behind
[01:04:42] [Server thread/WARN]: Can't keep up! Is the server overloaded? Running 9097ms or 181 ticks behind
[01:05:08] [Server thread/WARN]: Can't keep up! Is the server overloaded? Running 10592ms or 211 ticks behind
[01:05:32] [Server thread/WARN]: Can't keep up! Is the server overloaded? Running 8727ms or 174 ticks behind
[01:05:54] [Server thread/WARN]: Can't keep up! Is the server overloaded? Running 7555ms or 151 ticks behind
[01:06:21] [Server thread/WARN]: Can't keep up! Is the server overloaded? Running 12147ms or 242 ticks behind
[01:06:40] [Server thread/WARN]: Can't keep up! Is the server overloaded? Running 3291ms or 65 ticks behind
[01:06:57] [Server thread/WARN]: Can't keep up! Is the server overloaded? Running 2892ms or 57 ticks behind
[01:07:46] [Server thread/WARN]: Can't keep up! Is the server overloaded? Running 2016ms or 40 ticks behind
[01:08:06] [Server thread/WARN]: Can't keep up! Is the server overloaded? Running 2006ms or 40 ticks behind
[01:08:50] [Server thread/WARN]: Can't keep up! Is the server overloaded? Running 2129ms or 42 ticks behind
[01:09:10] [Server thread/WARN]: Can't keep up! Is the server overloaded? Running 4865ms or 97 ticks behind
[01:09:31] [Server thread/WARN]: Can't keep up! Is the server overloaded? Running 5737ms or 114 ticks behind
[01:09:52] [Server thread/WARN]: Can't keep up! Is the server overloaded? Running 2006ms or 40 ticks behind
[01:10:06] [Server thread/WARN]: almirNeto was kicked for floating too long!
[01:10:06] [Server thread/INFO]: almirNeto lost connection: Flying is not enabled on this server
[01:10:06] [Server thread/INFO]: almirNeto left the game
[01:10:06] [Server thread/WARN]: handleDisconnection() called twice
[01:10:17] [Server thread/INFO]: almirNeto[/25.8.56.8:56178] logged in with entity id 294470 at (-55.08951184452354, 64.78572658691424, -1696.5248927815246)
[01:10:17] [Server thread/INFO]: almirNeto joined the game
[01:10:31] [Server thread/WARN]: Can't keep up! Is the server overloaded? Running 2014ms or 40 ticks behind
[01:10:48] [Server thread/WARN]: Can't keep up! Is the server overloaded? Running 2694ms or 53 ticks behind
[01:11:07] [Server thread/WARN]: Can't keep up! Is the server overloaded? Running 3180ms or 63 ticks behind
[01:11:24] [Server thread/WARN]: Can't keep up! Is the server overloaded? Running 2083ms or 41 ticks behind
[01:11:43] [Server thread/WARN]: Can't keep up! Is the server overloaded? Running 3934ms or 78 ticks behind
[01:12:00] [Server thread/WARN]: Can't keep up! Is the server overloaded? Running 2555ms or 51 ticks behind
[01:12:18] [Server thread/WARN]: Can't keep up! Is the server overloaded? Running 3167ms or 63 ticks behind
[01:12:35] [Server thread/WARN]: Can't keep up! Is the server overloaded? Running 2049ms or 40 ticks behind
[01:12:54] [Server thread/WARN]: Can't keep up! Is the server overloaded? Running 3861ms or 77 ticks behind
[01:13:14] [Server thread/WARN]: Can't keep up! Is the server overloaded? Running 5181ms or 103 ticks behind
[01:13:33] [Server thread/WARN]: Can't keep up! Is the server overloaded? Running 3636ms or 72 ticks behind
[01:13:50] [Server thread/WARN]: Can't keep up! Is the server overloaded? Running 2611ms or 52 ticks behind
[01:14:08] [Server thread/WARN]: Can't keep up! Is the server overloaded? Running 2247ms or 44 ticks behind
[01:14:48] [Server thread/WARN]: Can't keep up! Is the server overloaded? Running 2006ms or 40 ticks behind
[01:15:10] [Server thread/WARN]: Can't keep up! Is the server overloaded? Running 2004ms or 40 ticks behind
[01:15:29] [Server thread/WARN]: Can't keep up! Is the server overloaded? Running 3820ms or 76 ticks behind
[01:15:46] [Server thread/WARN]: Can't keep up! Is the server overloaded? Running 2623ms or 52 ticks behind
[01:16:23] [Server thread/WARN]: Can't keep up! Is the server overloaded? Running 2225ms or 44 ticks behind
[01:16:43] [Server thread/WARN]: Can't keep up! Is the server overloaded? Running 4840ms or 96 ticks behind
[01:17:03] [Server thread/WARN]: Can't keep up! Is the server overloaded? Running 5122ms or 102 ticks behind
[01:17:21] [Server thread/WARN]: Can't keep up! Is the server overloaded? Running 3159ms or 63 ticks behind
[01:17:40] [Server thread/WARN]: Can't keep up! Is the server overloaded? Running 3838ms or 76 ticks behind
[01:17:59] [Server thread/WARN]: Can't keep up! Is the server overloaded? Running 3858ms or 77 ticks behind
[01:18:20] [Server thread/WARN]: Can't keep up! Is the server overloaded? Running 5858ms or 117 ticks behind
[01:18:39] [Server thread/WARN]: Can't keep up! Is the server overloaded? Running 3611ms or 72 ticks behind
[01:18:56] [Server thread/WARN]: Can't keep up! Is the server overloaded? Running 2006ms or 40 ticks behind
[01:19:14] [Server thread/WARN]: Can't keep up! Is the server overloaded? Running 3051ms or 61 ticks behind
[01:19:32] [Server thread/WARN]: Can't keep up! Is the server overloaded? Running 3352ms or 67 ticks behind
[01:19:51] [Server thread/WARN]: Can't keep up! Is the server overloaded? Running 3651ms or 73 ticks behind
[01:20:10] [Server thread/WARN]: Can't keep up! Is the server overloaded? Running 3634ms or 72 ticks behind
[01:20:29] [Server thread/WARN]: Can't keep up! Is the server overloaded? Running 4102ms or 82 ticks behind
[01:20:45] [Server thread/WARN]: adrielsb moved wrongly!
[01:20:48] [Server thread/WARN]: Can't keep up! Is the server overloaded? Running 4318ms or 86 ticks behind
[01:21:08] [Server thread/WARN]: Can't keep up! Is the server overloaded? Running 4926ms or 98 ticks behind
[01:21:29] [Server thread/WARN]: Can't keep up! Is the server overloaded? Running 5896ms or 117 ticks behind
[01:21:52] [Server thread/WARN]: Can't keep up! Is the server overloaded? Running 2005ms or 40 ticks behind
[01:22:01] [Server thread/WARN]: almirNeto moved too quickly! -8.848615493813824,-0.2468000194787976,-4.966534830995215
[01:22:10] [Server thread/WARN]: Can't keep up! Is the server overloaded? Running 3075ms or 61 ticks behind
[01:22:24] [Server thread/WARN]: almirNeto moved too quickly! 1.9141724747086215,-2.0013359791121417,9.801960710262847
[01:22:29] [Server thread/WARN]: Can't keep up! Is the server overloaded? Running 4673ms or 93 ticks behind
[01:22:47] [Server thread/WARN]: Can't keep up! Is the server overloaded? Running 2565ms or 51 ticks behind
[01:23:06] [Server thread/WARN]: Can't keep up! Is the server overloaded? Running 4616ms or 92 ticks behind
[01:23:26] [Server thread/WARN]: Can't keep up! Is the server overloaded? Running 4445ms or 88 ticks behind
[01:23:43] [Server thread/WARN]: Can't keep up! Is the server overloaded? Running 2570ms or 51 ticks behind
[01:23:49] [Server thread/INFO]: almirNeto lost connection: Timed out
[01:23:49] [Server thread/INFO]: almirNeto left the game
[01:23:57] [Server thread/INFO]: almirNeto[/25.8.56.8:56191] logged in with entity id 316118 at (-97.27245121819851, 71.0, -1660.976405305319)
[01:23:57] [Server thread/INFO]: almirNeto joined the game
[01:24:03] [Server thread/WARN]: Can't keep up! Is the server overloaded? Running 4206ms or 84 ticks behind
[01:24:19] [Server thread/INFO]: almirNeto lost connection: Disconnected
[01:24:19] [Server thread/INFO]: almirNeto left the game
[01:24:20] [Server thread/WARN]: Can't keep up! Is the server overloaded? Running 2722ms or 54 ticks behind
[01:24:49] [Server thread/WARN]: Can't keep up! Is the server overloaded? Running 2010ms or 40 ticks behind
[01:24:56] [Server thread/INFO]: almirNeto[/25.8.56.8:56198] logged in with entity id 317755 at (-97.27245121819851, 71.0, -1660.976405305319)
[01:24:56] [Server thread/INFO]: almirNeto joined the game
[01:25:07] [Server thread/WARN]: Can't keep up! Is the server overloaded? Running 2933ms or 58 ticks behind
[01:25:25] [Server thread/WARN]: Can't keep up! Is the server overloaded? Running 2005ms or 40 ticks behind
[01:25:37] [Server thread/WARN]: almirNeto moved too quickly! -0.2724909717186108,0.8338907390617862,10.08396759250968
[01:25:44] [Server thread/WARN]: Can't keep up! Is the server overloaded? Running 4288ms or 85 ticks behind
[01:26:02] [Server thread/WARN]: Can't keep up! Is the server overloaded? Running 2435ms or 48 ticks behind
[01:26:21] [Server thread/WARN]: Can't keep up! Is the server overloaded? Running 4524ms or 90 ticks behind
[01:26:42] [Server thread/WARN]: Can't keep up! Is the server overloaded? Running 5994ms or 119 ticks behind
[01:26:59] [Server thread/WARN]: Can't keep up! Is the server overloaded? Running 2007ms or 40 ticks behind
[01:27:20] [Server thread/WARN]: Can't keep up! Is the server overloaded? Running 5450ms or 109 ticks behind
[01:27:39] [Server thread/WARN]: Can't keep up! Is the server overloaded? Running 4688ms or 93 ticks behind
[01:27:52] [Server thread/INFO]: Tininzera has made the advancement [A Seedy Place]
[01:27:58] [Server thread/WARN]: Can't keep up! Is the server overloaded? Running 3113ms or 62 ticks behind
[01:28:18] [Server thread/WARN]: Can't keep up! Is the server overloaded? Running 5822ms or 116 ticks behind
[01:28:21] [Server thread/INFO]: adrielsb has made the advancement [Local Brewery]
[01:28:25] [Server thread/WARN]: almirNeto moved too quickly! -0.1697657185410577,0.023088109101550458,10.13806225865551
[01:28:32] [Server thread/INFO]: Tininzera has made the advancement [Local Brewery]
[01:28:38] [Server thread/WARN]: Can't keep up! Is the server overloaded? Running 4502ms or 90 ticks behind
[01:29:13] [Server thread/WARN]: Can't keep up! Is the server overloaded? Running 2003ms or 40 ticks behind
[01:29:32] [Server thread/WARN]: Can't keep up! Is the server overloaded? Running 3060ms or 61 ticks behind
[01:29:53] [Server thread/WARN]: Can't keep up! Is the server overloaded? Running 2020ms or 40 ticks behind
[01:30:11] [Server thread/WARN]: Can't keep up! Is the server overloaded? Running 2005ms or 40 ticks behind
[01:30:30] [Server thread/WARN]: Can't keep up! Is the server overloaded? Running 3699ms or 73 ticks behind
[01:31:20] [Server thread/WARN]: Can't keep up! Is the server overloaded? Running 2002ms or 40 ticks behind
[01:31:21] [Server thread/INFO]: adrielsb has made the advancement [Into Fire]
[01:31:58] [Server thread/WARN]: Can't keep up! Is the server overloaded? Running 2005ms or 40 ticks behind
[01:32:38] [Server thread/WARN]: Can't keep up! Is the server overloaded? Running 2003ms or 40 ticks behind
[01:33:13] [Server thread/WARN]: Can't keep up! Is the server overloaded? Running 2017ms or 40 ticks behind
[01:33:39] [Server thread/WARN]: Can't keep up! Is the server overloaded? Running 2002ms or 40 ticks behind
[01:34:21] [Server thread/WARN]: Can't keep up! Is the server overloaded? Running 2002ms or 40 ticks behind
[01:38:01] [Server thread/WARN]: Can't keep up! Is the server overloaded? Running 2308ms or 46 ticks behind
[01:38:29] [Server thread/WARN]: Can't keep up! Is the server overloaded? Running 2002ms or 40 ticks behind
[01:38:50] [Server thread/WARN]: Can't keep up! Is the server overloaded? Running 2013ms or 40 ticks behind
[01:39:09] [Server thread/WARN]: Can't keep up! Is the server overloaded? Running 4493ms or 89 ticks behind
[01:39:30] [Server thread/WARN]: Can't keep up! Is the server overloaded? Running 6497ms or 129 ticks behind
[01:39:52] [Server thread/WARN]: Can't keep up! Is the server overloaded? Running 6767ms or 135 ticks behind
[01:40:10] [Server thread/WARN]: Can't keep up! Is the server overloaded? Running 2467ms or 49 ticks behind
[01:40:32] [Server thread/WARN]: Can't keep up! Is the server overloaded? Running 2017ms or 40 ticks behind
[01:40:58] [Server thread/WARN]: Can't keep up! Is the server overloaded? Running 2006ms or 40 ticks behind
[01:41:29] [Server thread/WARN]: Can't keep up! Is the server overloaded? Running 2005ms or 40 ticks behind
[01:41:47] [Server thread/WARN]: Can't keep up! Is the server overloaded? Running 2389ms or 47 ticks behind
[01:42:05] [Server thread/WARN]: Can't keep up! Is the server overloaded? Running 2013ms or 40 ticks behind
[01:42:22] [Server thread/WARN]: Can't keep up! Is the server overloaded? Running 2017ms or 40 ticks behind
[01:43:09] [Server thread/WARN]: Can't keep up! Is the server overloaded? Running 2001ms or 40 ticks behind
[01:43:57] [Server thread/WARN]: Can't keep up! Is the server overloaded? Running 2004ms or 40 ticks behind
[01:44:25] [Server thread/WARN]: Can't keep up! Is the server overloaded? Running 2011ms or 40 ticks behind
[01:44:53] [Server thread/WARN]: Can't keep up! Is the server overloaded? Running 2010ms or 40 ticks behind
[01:45:35] [Server thread/WARN]: Can't keep up! Is the server overloaded? Running 2017ms or 40 ticks behind
[01:45:55] [Server thread/WARN]: Can't keep up! Is the server overloaded? Running 5665ms or 113 ticks behind
[01:46:18] [Server thread/WARN]: Can't keep up! Is the server overloaded? Running 2003ms or 40 ticks behind
[01:46:47] [Server thread/WARN]: Can't keep up! Is the server overloaded? Running 2005ms or 40 ticks behind
[01:48:22] [Server thread/WARN]: Can't keep up! Is the server overloaded? Running 2003ms or 40 ticks behind
[01:48:41] [Server thread/WARN]: Can't keep up! Is the server overloaded? Running 4645ms or 92 ticks behind
[01:49:01] [Server thread/WARN]: Can't keep up! Is the server overloaded? Running 4523ms or 90 ticks behind
[01:49:22] [Server thread/WARN]: Can't keep up! Is the server overloaded? Running 6044ms or 120 ticks behind
[01:49:44] [Server thread/WARN]: Can't keep up! Is the server overloaded? Running 7342ms or 146 ticks behind
[01:50:07] [Server thread/WARN]: Can't keep up! Is the server overloaded? Running 8219ms or 164 ticks behind
[01:50:25] [Server thread/WARN]: almirNeto moved too quickly! -10.143529955309747,0.0,-0.07645536557538435
[01:50:29] [Server thread/WARN]: Can't keep up! Is the server overloaded? Running 6432ms or 128 ticks behind
[01:50:50] [Server thread/WARN]: Can't keep up! Is the server overloaded? Running 6066ms or 121 ticks behind
[01:51:13] [Server thread/WARN]: Can't keep up! Is the server overloaded? Running 8428ms or 168 ticks behind
[01:51:31] [Server thread/WARN]: Can't keep up! Is the server overloaded? Running 3089ms or 61 ticks behind
[01:51:50] [Server thread/WARN]: Can't keep up! Is the server overloaded? Running 3511ms or 70 ticks behind
[01:52:09] [Server thread/WARN]: Can't keep up! Is the server overloaded? Running 4351ms or 87 ticks behind
[01:52:26] [Server thread/WARN]: Can't keep up! Is the server overloaded? Running 2385ms or 47 ticks behind
[01:52:29] [Server thread/INFO]: adrielsb has completed the challenge [Sniper Duel]
[01:52:44] [Server thread/WARN]: Can't keep up! Is the server overloaded? Running 2287ms or 45 ticks behind
[01:53:03] [Server thread/WARN]: Can't keep up! Is the server overloaded? Running 4812ms or 96 ticks behind
[01:53:22] [Server thread/WARN]: Can't keep up! Is the server overloaded? Running 3243ms or 64 ticks behind
[01:53:40] [Server thread/WARN]: Can't keep up! Is the server overloaded? Running 2978ms or 59 ticks behind
[01:53:58] [Server thread/WARN]: Can't keep up! Is the server overloaded? Running 3734ms or 74 ticks behind
[01:54:16] [Server thread/WARN]: Can't keep up! Is the server overloaded? Running 2584ms or 51 ticks behind
[01:54:34] [Server thread/WARN]: Can't keep up! Is the server overloaded? Running 3341ms or 66 ticks behind
[01:54:53] [Server thread/WARN]: Can't keep up! Is the server overloaded? Running 3949ms or 78 ticks behind
[01:55:14] [Server thread/WARN]: Can't keep up! Is the server overloaded? Running 5620ms or 112 ticks behind
[01:55:35] [Server thread/WARN]: Can't keep up! Is the server overloaded? Running 6823ms or 136 ticks behind
[01:55:56] [Server thread/WARN]: Can't keep up! Is the server overloaded? Running 6050ms or 121 ticks behind
[01:56:12] [Server thread/WARN]: almirNeto moved too quickly! 7.715940389457344,3.0,6.021193458092512
[01:56:19] [Server thread/INFO]: <Tininzera> de baise
[01:56:20] [Server thread/WARN]: Can't keep up! Is the server overloaded? Running 8262ms or 165 ticks behind
[01:56:41] [Server thread/WARN]: Can't keep up! Is the server overloaded? Running 6271ms or 125 ticks behind
[01:56:45] [Server thread/INFO]: Tininzera lost connection: Disconnected
[01:56:45] [Server thread/INFO]: Tininzera left the game
[01:56:59] [Server thread/WARN]: Can't keep up! Is the server overloaded? Running 3411ms or 68 ticks behind
[01:57:17] [Server thread/WARN]: almirNeto moved too quickly! 9.166535850423465,0.7531999805212024,-4.465776479355782
[01:57:40] [Server thread/WARN]: Can't keep up! Is the server overloaded? Running 2007ms or 40 ticks behind
[01:57:56] [Server thread/WARN]: almirNeto moved too quickly! -10.242253710393218,1.0013359791121417,0.7132709872673786
[01:58:17] [Server thread/WARN]: Can't keep up! Is the server overloaded? Running 2014ms or 40 ticks behind
[01:58:40] [Server thread/WARN]: Can't keep up! Is the server overloaded? Running 2009ms or 40 ticks behind
[01:58:49] [Server thread/WARN]: almirNeto moved too quickly! 9.53525546475624,-0.3693736602695097,-3.8541427350241975
[01:58:56] [Server thread/WARN]: almirNeto moved too quickly! -3.041331855855283,0.0,9.677378149815695
[01:58:59] [Server thread/WARN]: Can't keep up! Is the server overloaded? Running 4267ms or 85 ticks behind
[01:59:18] [Server thread/WARN]: Can't keep up! Is the server overloaded? Running 4222ms or 84 ticks behind
[01:59:38] [Server thread/WARN]: Can't keep up! Is the server overloaded? Running 5127ms or 102 ticks behind
[02:00:00] [Server thread/WARN]: Can't keep up! Is the server overloaded? Running 6462ms or 129 ticks behind
[02:00:17] [Server thread/WARN]: Can't keep up! Is the server overloaded? Running 2352ms or 47 ticks behind
[02:00:36] [Server thread/WARN]: Can't keep up! Is the server overloaded? Running 3698ms or 73 ticks behind
[02:00:51] [Server thread/WARN]: almirNeto moved too quickly! -1.183072510818107,0.7531999805212024,-10.222945740786145
[02:00:53] [Server thread/WARN]: Can't keep up! Is the server overloaded? Running 2539ms or 50 ticks behind
[02:01:11] [Server thread/WARN]: almirNeto moved too quickly! 2.91641391505474,0.0,9.752225698123084
[02:01:12] [Server thread/WARN]: Can't keep up! Is the server overloaded? Running 2009ms or 40 ticks behind
[02:01:31] [Server thread/WARN]: Can't keep up! Is the server overloaded? Running 3982ms or 79 ticks behind
[02:01:49] [Server thread/WARN]: Can't keep up! Is the server overloaded? Running 3076ms or 61 ticks behind
[02:02:06] [Server thread/WARN]: Can't keep up! Is the server overloaded? Running 2084ms or 41 ticks behind
[02:02:23] [Server thread/WARN]: Can't keep up! Is the server overloaded? Running 2445ms or 48 ticks behind
[02:02:42] [Server thread/WARN]: Can't keep up! Is the server overloaded? Running 2012ms or 40 ticks behind
[02:03:01] [Server thread/WARN]: Can't keep up! Is the server overloaded? Running 2003ms or 40 ticks behind
[02:03:20] [Server thread/WARN]: Can't keep up! Is the server overloaded? Running 2001ms or 40 ticks behind
[02:03:38] [Server thread/WARN]: Can't keep up! Is the server overloaded? Running 2383ms or 47 ticks behind
[02:03:57] [Server thread/WARN]: Can't keep up! Is the server overloaded? Running 4261ms or 85 ticks behind
[02:14:42] [Server thread/INFO]: almirNeto lost connection: Disconnected
[02:14:42] [Server thread/INFO]: almirNeto left the game
[02:20:51] [Server thread/INFO]: Stopping server
[02:20:51] [Server Shutdown Thread/INFO]: Stopping server
[02:20:51] [Server thread/INFO]: Saving players
[02:20:51] [Server Shutdown Thread/INFO]: Saving players
[02:20:51] [Server Shutdown Thread/INFO]: Saving worlds
[02:20:51] [Server Shutdown Thread/INFO]: Saving chunks for level 'world'/minecraft:the_nether
[02:20:51] [Server Shutdown Thread/INFO]: Saving chunks for level 'world'/minecraft:overworld
[02:20:51] [Server thread/INFO]: adrielsb lost connection: Server closed
[02:20:51] [Server thread/INFO]: adrielsb left the game
[02:20:52] [Server thread/INFO]: Saving worlds
[02:20:52] [Server thread/INFO]: Saving chunks for level 'world'/minecraft:the_nether
[02:20:52] [Server thread/INFO]: Saving chunks for level 'world'/minecraft:overworld
[02:20:52] [Server thread/INFO]: Saving chunks for level 'world'/minecraft:the_end
[02:20:52] [Server Shutdown Thread/INFO]: Saving chunks for level 'world'/minecraft:the_end
